Log file open, 05/22/15 22:48:19
LogInit:Display: Running engine for game: GameJam
LogInit: Version: 4.7.6-2513093+++depot+UE4-Releases+4.7
LogInit: API Version: 2455222
LogInit: Compiled (64-bit): Apr 15 2015 12:09:54
LogInit: Compiled with Visual C++: 18.00.21005.01
LogInit: Build Configuration: Development
LogInit: Branch Name: ++depot+UE4-Releases+4.7
LogInit: Command line: 
LogInit: Base directory: D:/Program Files/Epic Games/4.7/Engine/Binaries/Win64/
LogInit: Rocket: 1
[2015.05.22-21.48.19:000][  0]LogTaskGraph: Started task graph with 3 named threads and 6 total threads.
[2015.05.22-21.48.19:052][  0]LogOnline:Warning: No default platform service specified for OnlineSubsystem
[2015.05.22-21.48.19:062][  0]LogInit: Presizing for 0 objects not considered by GC, pre-allocating 0 bytes.
[2015.05.22-21.48.19:071][  0]LogInit: Object subsystem initialized
[2015.05.22-21.48.19:074][  0]LogInit: Selected Device Profile: [Windows]
[2015.05.22-21.48.19:074][  0]LogInit: Applying CVar settings loaded from the selected device profile: [Windows]
[2015.05.22-21.48.19:078][  0]LogInit: Computer: BADIM-ALIEN
[2015.05.22-21.48.19:078][  0]LogInit: User: Carlos
[2015.05.22-21.48.19:078][  0]LogInit: CPU Page size=4096, Cores=4
[2015.05.22-21.48.19:078][  0]LogInit: High frequency timer resolution =2.338344 MHz
[2015.05.22-21.48.19:078][  0]LogMemory: Memory total: Physical=7.9GB (8GB approx) Virtual=131072.0GB
[2015.05.22-21.48.19:078][  0]LogMemory: Platform Memory Stats for Windows
[2015.05.22-21.48.19:078][  0]LogMemory: Process Physical Memory: 45.66 MB used, 45.66 MB peak
[2015.05.22-21.48.19:078][  0]LogMemory: Process Virtual Memory: 24.53 MB used, 24.60 MB peak
[2015.05.22-21.48.19:078][  0]LogMemory: Physical Memory: 4672.74 MB used, 8073.02 MB total
[2015.05.22-21.48.19:078][  0]LogMemory: Virtual Memory: 289.20 MB used, 134217728.00 MB total
[2015.05.22-21.48.19:117][  0]LogD3D11RHI: Found D3D11 adapter 0: Intel(R) HD Graphics 4600 (Feature Level 11_0)
[2015.05.22-21.48.19:118][  0]LogD3D11RHI: Adapter has 0MB of dedicated video memory, 0MB of dedicated system memory, and 1792MB of shared system memory, 1 output[s]
[2015.05.22-21.48.19:140][  0]LogD3D11RHI: Found D3D11 adapter 1: NVIDIA GeForce GTX 765M  (Feature Level 11_0)
[2015.05.22-21.48.19:140][  0]LogD3D11RHI: Adapter has 1986MB of dedicated video memory, 0MB of dedicated system memory, and 2048MB of shared system memory, 0 output[s]
[2015.05.22-21.48.19:141][  0]LogD3D11RHI: Found D3D11 adapter 2: Microsoft Basic Render Driver (Feature Level 11_0)
[2015.05.22-21.48.19:141][  0]LogD3D11RHI: Adapter has 0MB of dedicated video memory, 0MB of dedicated system memory, and 256MB of shared system memory, 0 output[s]
[2015.05.22-21.48.19:141][  0]LogD3D11RHI: Chosen D3D11 Adapter Id = 0
[2015.05.22-21.48.19:146][  0]LogRHI: Texture pool is 1361 MB (70% of 1945 MB)
[2015.05.22-21.48.19:163][  0]LogD3D11RHI: Async texture creation enabled
[2015.05.22-21.48.19:229][  0]LogTextLocalizationManager: The requested culture ('pt_PT') has no localization data; falling back to 'en' for localization and internationalization data.
[2015.05.22-21.48.19:317][  0]LogTextLocalizationManager:Warning: Loading localization resources contain conflicting entries for (Namespace:UICommands, Key:Save_ToolTip):
Resource: (D:/Program Files/Epic Games/4.7/Engine/Content/Localization/Editor/en/Editor.locres) Hash: (-29098895) String: (Saves the current level to disk)
Resource: (D:/Program Files/Epic Games/4.7/Engine/Content/Localization/Engine/en/Engine.locres) Hash: (-1280300587) String: (Save selected data to vlog file)
[2015.05.22-21.48.19:317][  0]LogTextLocalizationManager:Warning: Loading localization resources contain conflicting entries for (Namespace:ContentBrowser, Key:ImportAssetToolTip):
Resource: (D:/Program Files/Epic Games/4.7/Engine/Content/Localization/Editor/en/Editor.locres) Hash: (-630476809) String: (Import to {0}...)
Resource: (D:/Program Files/Epic Games/4.7/Engine/Content/Localization/Editor/en/Editor.locres) Hash: (1271782899) String: (Imports an asset from file to this folder.)
[2015.05.22-21.48.19:404][  0]LogContentStreaming: Texture pool size is 0.000000MB
[2015.05.22-21.48.21:545][  0]LogTargetPlatformManager:Display: Building Assets For Windows
[2015.05.22-21.48.22:020][  0]LogTargetPlatformManager:Display: Building Assets For Windows
[2015.05.22-21.48.22:067][  0]LogDerivedDataCache:Display: Max Cache Size: 512 MB
[2015.05.22-21.48.22:104][  0]LogDerivedDataCache: Loaded boot cache 0.04s 39MB C:/Users/Carlos/AppData/Local/UnrealEngine/4.7/DerivedDataCache/Boot.ddc.
[2015.05.22-21.48.22:104][  0]LogDerivedDataCache:Display: Loaded Boot cache: C:/Users/Carlos/AppData/Local/UnrealEngine/4.7/DerivedDataCache/Boot.ddc
[2015.05.22-21.48.22:104][  0]LogDerivedDataCache: FDerivedDataBackendGraph:  Pak pak cache file ../../../../../../Unreal Projects/GameJam/DerivedDataCache/DDC.ddp not found, will not use a pak cache.
[2015.05.22-21.48.22:104][  0]LogDerivedDataCache: Unable to find inner node Pak for hierarchical cache Hierarchy.
[2015.05.22-21.48.22:212][  0]LogDerivedDataCache:Display: Pak cache opened for reading ../../../Engine/DerivedDataCache/Compressed.ddp.
[2015.05.22-21.48.22:224][  0]LogDerivedDataCache: Using Local data cache path C:/Users/Carlos/AppData/Local/UnrealEngine/Common/DerivedDataCache: Writable
[2015.05.22-21.48.22:553][  0]LogMeshUtilities: No automatic mesh reduction module available
[2015.05.22-21.48.22:553][  0]LogMeshUtilities: No automatic mesh merging module available
[2015.05.22-21.48.22:842][  0]LogInit: WinSock: version 1.1 (2.2), MaxSocks=32767, MaxUdp=65467
[2015.05.22-21.48.22:897][  0]LogSlate:Warning: Failed to load font data from '../../../Engine/Content/Slate/Fonts/Roboto-Italic.ttf'
[2015.05.22-21.48.23:804][  0]UdpMessaging: Initializing bridge on interface 0.0.0.0:0 to multicast group 230.0.0.1:6666.
[2015.05.22-21.48.23:959][  0]SourceControl: Info Source control is disabled
[2015.05.22-21.48.23:959][  0]SourceControl: Info Source control is disabled
[2015.05.22-21.48.23:959][  0]SourceControl: Info Source control is disabled
[2015.05.22-21.48.23:959][  0]LogSourceControl: RunCommandInternalRaw: 'git version'
[2015.05.22-21.48.23:960][  0]LogSourceControl: RunCommandInternalRaw: ExecProcess ReturnCode=2 OutResults=''
[2015.05.22-21.48.23:965][  0]SourceControl: Info Source control is disabled
[2015.05.22-21.48.24:104][  0]LogObj: 24232 objects as part of root set at end of initial load.
[2015.05.22-21.48.24:104][  0]LogUObjectAllocator: 5137176 out of 0 bytes used by permanent object pool.
[2015.05.22-21.48.24:173][  0]LogEngine: Initializing Engine...
[2015.05.22-21.48.27:320][  0]LogInit: XAudio2 using 'Speakers / Headphones (Realtek High Definition Audio)' : 2 channels at 48 kHz using 32 bits per sample (channel mask 0x3)
[2015.05.22-21.48.27:335][  0]LogInit: FAudioDevice initialized.
[2015.05.22-21.48.27:362][  0]LogAIModule: Creating AISystem for world NewWorld
[2015.05.22-21.48.27:381][  0]LogDerivedDataCache: Saved boot cache 0.02s 39MB C:/Users/Carlos/AppData/Local/UnrealEngine/4.7/DerivedDataCache/Boot.ddc.
[2015.05.22-21.48.27:386][  0]LogInit: Texture streaming: Enabled
[2015.05.22-21.48.27:457][  0]LogAnalytics: Creating configured Analytics provider AnalyticsET
[2015.05.22-21.48.27:457][  0]LogAnalytics: ET APIKey = Rocket.Release. APIServer = http://et2.epicgames.com/ET2/. AppVersion = 4.7.6-2513093+++depot+UE4-Releases+4.7
[2015.05.22-21.48.27:457][  0]LogAnalytics: ET APIKey = Rocket.Release. DataRouterUploadURL = https://datarouter-public-service-gamedev.ol.epicgames.net/datarouter/api/v1/public/data. AppVersion = 4.7.6-2513093+++depot+UE4-Releases+4.7
[2015.05.22-21.48.27:457][  0]LogAnalytics: SetUserId c6dafa5f4c8d91dc08e0f69686e34649|b8e039ebb1904c9aa23b736c0702fcb5|9f8a7cb1-0bce-48a6-a6b8-4330302a240d
[2015.05.22-21.48.27:457][  0]LogAnalytics: AnalyticsET::StartSession [Rocket.Release]
[2015.05.22-21.48.27:481][  0]LogInit: Transaction tracking system initialized
[2015.05.22-21.48.27:613][  0]BlueprintLog: New page: Editor Load
[2015.05.22-21.48.27:641][  0]LogAssetRegistry: FAssetRegistry took 0.0106 seconds to start up
[2015.05.22-21.48.27:641][  0]LogDirectoryWatcher:Warning: Failed to begin reading directory changes for ../../../Engine/Plugins/Experimental/CharacterAI/Content/. Error: 0
[2015.05.22-21.48.28:118][  0]LogTargetPlatformManager:Display: Building Assets For Windows
[2015.05.22-21.48.28:469][  0]LogTargetPlatformManager:Display: Building Assets For Windows
[2015.05.22-21.48.36:525][  0]LogSlate:Warning: Failed to load font data from '../../../Engine/Content/Editor/Slate/Fonts/Roboto-Regular.ttf'
[2015.05.22-21.48.36:525][  0]LogSlate:Warning: Failed to load font data from '../../../Engine/Content/Editor/Slate/Fonts/Roboto-Bold.ttf'
[2015.05.22-21.48.36:532][  0]LogConsoleResponse:Display: 
[2015.05.22-21.48.36:638][  0]LogCook:Display: Done creating registry. It took  0.00s.
[2015.05.22-21.48.36:743][  0]SourceControl: Info Source control is disabled
[2015.05.22-21.48.36:744][  0]LogPackageName:Error: DoesPackageExist: DoesPackageExist FAILED: 'StarterContent/MobileStarterContent' is not a standard unreal filename or a long path name. Reason: Path should start with a '/'
[2015.05.22-21.48.36:744][  0]LogPackageName:Error: DoesPackageExist: DoesPackageExist FAILED: 'StarterContent/MobileStarterContent' is not a standard unreal filename or a long path name. Reason: Path should start with a '/'
[2015.05.22-21.48.36:744][  0]LogFactory: FactoryCreateBinary: PackFactory with PackFactory (0 0 D:/Program Files/Epic Games/4.7/FeaturePacks/MobileStarterContent.upack)
[2015.05.22-21.48.36:874][  0]LogPackFactory: Content/MobileStarterContent/Architecture/Floor_400x400.uasset (62676) -> ../../../../../../Unreal Projects/GameJam/Content/MobileStarterContent/Architecture/Floor_400x400.uasset
[2015.05.22-21.48.36:877][  0]LogPackFactory: Content/MobileStarterContent/Architecture/Pillar_50x500.uasset (75014) -> ../../../../../../Unreal Projects/GameJam/Content/MobileStarterContent/Architecture/Pillar_50x500.uasset
[2015.05.22-21.48.36:879][  0]LogPackFactory: Content/MobileStarterContent/Architecture/Wall_400x200.uasset (59641) -> ../../../../../../Unreal Projects/GameJam/Content/MobileStarterContent/Architecture/Wall_400x200.uasset
[2015.05.22-21.48.36:882][  0]LogPackFactory: Content/MobileStarterContent/Architecture/Wall_400x300.uasset (61226) -> ../../../../../../Unreal Projects/GameJam/Content/MobileStarterContent/Architecture/Wall_400x300.uasset
[2015.05.22-21.48.36:884][  0]LogPackFactory: Content/MobileStarterContent/Architecture/Wall_400x400.uasset (62837) -> ../../../../../../Unreal Projects/GameJam/Content/MobileStarterContent/Architecture/Wall_400x400.uasset
[2015.05.22-21.48.36:886][  0]LogPackFactory: Content/MobileStarterContent/Architecture/Wall_500x500.uasset (78256) -> ../../../../../../Unreal Projects/GameJam/Content/MobileStarterContent/Architecture/Wall_500x500.uasset
[2015.05.22-21.48.36:889][  0]LogPackFactory: Content/MobileStarterContent/Architecture/Wall_Door_400x300.uasset (70090) -> ../../../../../../Unreal Projects/GameJam/Content/MobileStarterContent/Architecture/Wall_Door_400x300.uasset
[2015.05.22-21.48.36:891][  0]LogPackFactory: Content/MobileStarterContent/Architecture/Wall_Door_400x400.uasset (70860) -> ../../../../../../Unreal Projects/GameJam/Content/MobileStarterContent/Architecture/Wall_Door_400x400.uasset
[2015.05.22-21.48.36:893][  0]LogPackFactory: Content/MobileStarterContent/Architecture/Wall_Window_400x300.uasset (72543) -> ../../../../../../Unreal Projects/GameJam/Content/MobileStarterContent/Architecture/Wall_Window_400x300.uasset
[2015.05.22-21.48.36:896][  0]LogPackFactory: Content/MobileStarterContent/Architecture/Wall_Window_400x400.uasset (73479) -> ../../../../../../Unreal Projects/GameJam/Content/MobileStarterContent/Architecture/Wall_Window_400x400.uasset
[2015.05.22-21.48.36:898][  0]LogPackFactory: Content/MobileStarterContent/Audio/Collapse01.uasset (348538) -> ../../../../../../Unreal Projects/GameJam/Content/MobileStarterContent/Audio/Collapse01.uasset
[2015.05.22-21.48.36:900][  0]LogPackFactory: Content/MobileStarterContent/Audio/Collapse02.uasset (346707) -> ../../../../../../Unreal Projects/GameJam/Content/MobileStarterContent/Audio/Collapse02.uasset
[2015.05.22-21.48.36:903][  0]LogPackFactory: Content/MobileStarterContent/Audio/Collapse_Cue.uasset (5862) -> ../../../../../../Unreal Projects/GameJam/Content/MobileStarterContent/Audio/Collapse_Cue.uasset
[2015.05.22-21.48.36:903][  0]LogPackFactory: Content/MobileStarterContent/Audio/Explosion01.uasset (282446) -> ../../../../../../Unreal Projects/GameJam/Content/MobileStarterContent/Audio/Explosion01.uasset
[2015.05.22-21.48.36:905][  0]LogPackFactory: Content/MobileStarterContent/Audio/Explosion02.uasset (289201) -> ../../../../../../Unreal Projects/GameJam/Content/MobileStarterContent/Audio/Explosion02.uasset
[2015.05.22-21.48.36:907][  0]LogPackFactory: Content/MobileStarterContent/Audio/Explosion_Cue.uasset (7331) -> ../../../../../../Unreal Projects/GameJam/Content/MobileStarterContent/Audio/Explosion_Cue.uasset
[2015.05.22-21.48.36:908][  0]LogPackFactory: Content/MobileStarterContent/Audio/Fire01.uasset (549702) -> ../../../../../../Unreal Projects/GameJam/Content/MobileStarterContent/Audio/Fire01.uasset
[2015.05.22-21.48.36:910][  0]LogPackFactory: Content/MobileStarterContent/Audio/Fire01_Cue.uasset (3785) -> ../../../../../../Unreal Projects/GameJam/Content/MobileStarterContent/Audio/Fire01_Cue.uasset
[2015.05.22-21.48.36:911][  0]LogPackFactory: Content/MobileStarterContent/Audio/Fire_Sparks01.uasset (796280) -> ../../../../../../Unreal Projects/GameJam/Content/MobileStarterContent/Audio/Fire_Sparks01.uasset
[2015.05.22-21.48.36:913][  0]LogPackFactory: Content/MobileStarterContent/Audio/Fire_Sparks01_Cue.uasset (3799) -> ../../../../../../Unreal Projects/GameJam/Content/MobileStarterContent/Audio/Fire_Sparks01_Cue.uasset
[2015.05.22-21.48.36:914][  0]LogPackFactory: Content/MobileStarterContent/Audio/Light01.uasset (364538) -> ../../../../../../Unreal Projects/GameJam/Content/MobileStarterContent/Audio/Light01.uasset
[2015.05.22-21.48.36:917][  0]LogPackFactory: Content/MobileStarterContent/Audio/Light01_Cue.uasset (3743) -> ../../../../../../Unreal Projects/GameJam/Content/MobileStarterContent/Audio/Light01_Cue.uasset
[2015.05.22-21.48.36:917][  0]LogPackFactory: Content/MobileStarterContent/Audio/Light02.uasset (308162) -> ../../../../../../Unreal Projects/GameJam/Content/MobileStarterContent/Audio/Light02.uasset
[2015.05.22-21.48.36:919][  0]LogPackFactory: Content/MobileStarterContent/Audio/Light02_Cue.uasset (3743) -> ../../../../../../Unreal Projects/GameJam/Content/MobileStarterContent/Audio/Light02_Cue.uasset
[2015.05.22-21.48.36:921][  0]LogPackFactory: Content/MobileStarterContent/Audio/Smoke01.uasset (476008) -> ../../../../../../Unreal Projects/GameJam/Content/MobileStarterContent/Audio/Smoke01.uasset
[2015.05.22-21.48.36:924][  0]LogPackFactory: Content/MobileStarterContent/Audio/Smoke01_Cue.uasset (3763) -> ../../../../../../Unreal Projects/GameJam/Content/MobileStarterContent/Audio/Smoke01_Cue.uasset
[2015.05.22-21.48.36:924][  0]LogPackFactory: Content/MobileStarterContent/Audio/Starter_Background_Cue.uasset (9404) -> ../../../../../../Unreal Projects/GameJam/Content/MobileStarterContent/Audio/Starter_Background_Cue.uasset
[2015.05.22-21.48.36:926][  0]LogPackFactory: Content/MobileStarterContent/Audio/Starter_Birds01.uasset (2689465) -> ../../../../../../Unreal Projects/GameJam/Content/MobileStarterContent/Audio/Starter_Birds01.uasset
[2015.05.22-21.48.36:930][  0]LogPackFactory: Content/MobileStarterContent/Audio/Starter_Music01.uasset (8445378) -> ../../../../../../Unreal Projects/GameJam/Content/MobileStarterContent/Audio/Starter_Music01.uasset
[2015.05.22-21.48.36:936][  0]LogPackFactory: Content/MobileStarterContent/Audio/Starter_Music_Cue.uasset (3281) -> ../../../../../../Unreal Projects/GameJam/Content/MobileStarterContent/Audio/Starter_Music_Cue.uasset
[2015.05.22-21.48.36:937][  0]LogPackFactory: Content/MobileStarterContent/Audio/Starter_Wind05.uasset (2312708) -> ../../../../../../Unreal Projects/GameJam/Content/MobileStarterContent/Audio/Starter_Wind05.uasset
[2015.05.22-21.48.36:941][  0]LogPackFactory: Content/MobileStarterContent/Audio/Starter_Wind06.uasset (2195545) -> ../../../../../../Unreal Projects/GameJam/Content/MobileStarterContent/Audio/Starter_Wind06.uasset
[2015.05.22-21.48.36:944][  0]LogPackFactory: Content/MobileStarterContent/Audio/Steam01.uasset (819034) -> ../../../../../../Unreal Projects/GameJam/Content/MobileStarterContent/Audio/Steam01.uasset
[2015.05.22-21.48.36:947][  0]LogPackFactory: Content/MobileStarterContent/Audio/Steam01_Cue.uasset (3791) -> ../../../../../../Unreal Projects/GameJam/Content/MobileStarterContent/Audio/Steam01_Cue.uasset
[2015.05.22-21.48.36:948][  0]LogPackFactory: Content/MobileStarterContent/Blueprints/Blueprint_CeilingLight.uasset (127277) -> ../../../../../../Unreal Projects/GameJam/Content/MobileStarterContent/Blueprints/Blueprint_CeilingLight.uasset
[2015.05.22-21.48.36:950][  0]LogPackFactory: Content/MobileStarterContent/Blueprints/Blueprint_Effect_Explosion.uasset (15786) -> ../../../../../../Unreal Projects/GameJam/Content/MobileStarterContent/Blueprints/Blueprint_Effect_Explosion.uasset
[2015.05.22-21.48.36:952][  0]LogPackFactory: Content/MobileStarterContent/Blueprints/Blueprint_Effect_Fire.uasset (15843) -> ../../../../../../Unreal Projects/GameJam/Content/MobileStarterContent/Blueprints/Blueprint_Effect_Fire.uasset
[2015.05.22-21.48.36:954][  0]LogPackFactory: Content/MobileStarterContent/Blueprints/Blueprint_Effect_Smoke.uasset (15788) -> ../../../../../../Unreal Projects/GameJam/Content/MobileStarterContent/Blueprints/Blueprint_Effect_Smoke.uasset
[2015.05.22-21.48.36:956][  0]LogPackFactory: Content/MobileStarterContent/Blueprints/Blueprint_Effect_Sparks.uasset (15806) -> ../../../../../../Unreal Projects/GameJam/Content/MobileStarterContent/Blueprints/Blueprint_Effect_Sparks.uasset
[2015.05.22-21.48.36:959][  0]LogPackFactory: Content/MobileStarterContent/Blueprints/Blueprint_WallSconce.uasset (137467) -> ../../../../../../Unreal Projects/GameJam/Content/MobileStarterContent/Blueprints/Blueprint_WallSconce.uasset
[2015.05.22-21.48.36:962][  0]LogPackFactory: Content/MobileStarterContent/Maps/Minimal_Default.umap (1801166) -> ../../../../../../Unreal Projects/GameJam/Content/MobileStarterContent/Maps/Minimal_Default.umap
[2015.05.22-21.48.36:965][  0]LogPackFactory: Content/MobileStarterContent/Maps/StarterMap.umap (13835731) -> ../../../../../../Unreal Projects/GameJam/Content/MobileStarterContent/Maps/StarterMap.umap
[2015.05.22-21.48.36:974][  0]LogPackFactory: Content/MobileStarterContent/Materials/M_Basic_Floor.uasset (68707) -> ../../../../../../Unreal Projects/GameJam/Content/MobileStarterContent/Materials/M_Basic_Floor.uasset
[2015.05.22-21.48.36:977][  0]LogPackFactory: Content/MobileStarterContent/Materials/M_Basic_Wall.uasset (61989) -> ../../../../../../Unreal Projects/GameJam/Content/MobileStarterContent/Materials/M_Basic_Wall.uasset
[2015.05.22-21.48.36:979][  0]LogPackFactory: Content/MobileStarterContent/Materials/M_Brick_Clay_Beveled.uasset (84951) -> ../../../../../../Unreal Projects/GameJam/Content/MobileStarterContent/Materials/M_Brick_Clay_Beveled.uasset
[2015.05.22-21.48.36:981][  0]LogPackFactory: Content/MobileStarterContent/Materials/M_Brick_Clay_New.uasset (127544) -> ../../../../../../Unreal Projects/GameJam/Content/MobileStarterContent/Materials/M_Brick_Clay_New.uasset
[2015.05.22-21.48.36:984][  0]LogPackFactory: Content/MobileStarterContent/Materials/M_Brick_Clay_Old.uasset (97540) -> ../../../../../../Unreal Projects/GameJam/Content/MobileStarterContent/Materials/M_Brick_Clay_Old.uasset
[2015.05.22-21.48.36:986][  0]LogPackFactory: Content/MobileStarterContent/Materials/M_Brick_Cut_Stone.uasset (95824) -> ../../../../../../Unreal Projects/GameJam/Content/MobileStarterContent/Materials/M_Brick_Cut_Stone.uasset
[2015.05.22-21.48.36:989][  0]LogPackFactory: Content/MobileStarterContent/Materials/M_Brick_Hewn_Stone.uasset (90707) -> ../../../../../../Unreal Projects/GameJam/Content/MobileStarterContent/Materials/M_Brick_Hewn_Stone.uasset
[2015.05.22-21.48.36:991][  0]LogPackFactory: Content/MobileStarterContent/Materials/M_Ceramic_Tile_Checker.uasset (88130) -> ../../../../../../Unreal Projects/GameJam/Content/MobileStarterContent/Materials/M_Ceramic_Tile_Checker.uasset
[2015.05.22-21.48.36:994][  0]LogPackFactory: Content/MobileStarterContent/Materials/M_CobbleStone_Pebble.uasset (104034) -> ../../../../../../Unreal Projects/GameJam/Content/MobileStarterContent/Materials/M_CobbleStone_Pebble.uasset
[2015.05.22-21.48.36:996][  0]LogPackFactory: Content/MobileStarterContent/Materials/M_CobbleStone_Rough.uasset (101365) -> ../../../../../../Unreal Projects/GameJam/Content/MobileStarterContent/Materials/M_CobbleStone_Rough.uasset
[2015.05.22-21.48.36:998][  0]LogPackFactory: Content/MobileStarterContent/Materials/M_CobbleStone_Smooth.uasset (92968) -> ../../../../../../Unreal Projects/GameJam/Content/MobileStarterContent/Materials/M_CobbleStone_Smooth.uasset
[2015.05.22-21.48.37:000][  0]LogPackFactory: Content/MobileStarterContent/Materials/M_Concrete_Grime.uasset (90402) -> ../../../../../../Unreal Projects/GameJam/Content/MobileStarterContent/Materials/M_Concrete_Grime.uasset
[2015.05.22-21.48.37:002][  0]LogPackFactory: Content/MobileStarterContent/Materials/M_Concrete_Panels.uasset (74391) -> ../../../../../../Unreal Projects/GameJam/Content/MobileStarterContent/Materials/M_Concrete_Panels.uasset
[2015.05.22-21.48.37:005][  0]LogPackFactory: Content/MobileStarterContent/Materials/M_Concrete_Poured.uasset (72734) -> ../../../../../../Unreal Projects/GameJam/Content/MobileStarterContent/Materials/M_Concrete_Poured.uasset
[2015.05.22-21.48.37:007][  0]LogPackFactory: Content/MobileStarterContent/Materials/M_Concrete_Tiles.uasset (77798) -> ../../../../../../Unreal Projects/GameJam/Content/MobileStarterContent/Materials/M_Concrete_Tiles.uasset
[2015.05.22-21.48.37:009][  0]LogPackFactory: Content/MobileStarterContent/Materials/M_Glass.uasset (60074) -> ../../../../../../Unreal Projects/GameJam/Content/MobileStarterContent/Materials/M_Glass.uasset
[2015.05.22-21.48.37:011][  0]LogPackFactory: Content/MobileStarterContent/Materials/M_Ground_Grass.uasset (88876) -> ../../../../../../Unreal Projects/GameJam/Content/MobileStarterContent/Materials/M_Ground_Grass.uasset
[2015.05.22-21.48.37:013][  0]LogPackFactory: Content/MobileStarterContent/Materials/M_Ground_Gravel.uasset (81727) -> ../../../../../../Unreal Projects/GameJam/Content/MobileStarterContent/Materials/M_Ground_Gravel.uasset
[2015.05.22-21.48.37:015][  0]LogPackFactory: Content/MobileStarterContent/Materials/M_Ground_Moss.uasset (95832) -> ../../../../../../Unreal Projects/GameJam/Content/MobileStarterContent/Materials/M_Ground_Moss.uasset
[2015.05.22-21.48.37:017][  0]LogPackFactory: Content/MobileStarterContent/Materials/M_Metal_Brushed_Nickel.uasset (78271) -> ../../../../../../Unreal Projects/GameJam/Content/MobileStarterContent/Materials/M_Metal_Brushed_Nickel.uasset
[2015.05.22-21.48.37:020][  0]LogPackFactory: Content/MobileStarterContent/Materials/M_Metal_Burnished_Steel.uasset (84287) -> ../../../../../../Unreal Projects/GameJam/Content/MobileStarterContent/Materials/M_Metal_Burnished_Steel.uasset
[2015.05.22-21.48.37:022][  0]LogPackFactory: Content/MobileStarterContent/Materials/M_Metal_Chrome.uasset (80785) -> ../../../../../../Unreal Projects/GameJam/Content/MobileStarterContent/Materials/M_Metal_Chrome.uasset
[2015.05.22-21.48.37:024][  0]LogPackFactory: Content/MobileStarterContent/Materials/M_Metal_Copper.uasset (82291) -> ../../../../../../Unreal Projects/GameJam/Content/MobileStarterContent/Materials/M_Metal_Copper.uasset
[2015.05.22-21.48.37:026][  0]LogPackFactory: Content/MobileStarterContent/Materials/M_Metal_Gold.uasset (90982) -> ../../../../../../Unreal Projects/GameJam/Content/MobileStarterContent/Materials/M_Metal_Gold.uasset
[2015.05.22-21.48.37:028][  0]LogPackFactory: Content/MobileStarterContent/Materials/M_Metal_Rust.uasset (91587) -> ../../../../../../Unreal Projects/GameJam/Content/MobileStarterContent/Materials/M_Metal_Rust.uasset
[2015.05.22-21.48.37:031][  0]LogPackFactory: Content/MobileStarterContent/Materials/M_Metal_Steel.uasset (90616) -> ../../../../../../Unreal Projects/GameJam/Content/MobileStarterContent/Materials/M_Metal_Steel.uasset
[2015.05.22-21.48.37:033][  0]LogPackFactory: Content/MobileStarterContent/Materials/M_Rock_Basalt.uasset (96458) -> ../../../../../../Unreal Projects/GameJam/Content/MobileStarterContent/Materials/M_Rock_Basalt.uasset
[2015.05.22-21.48.37:035][  0]LogPackFactory: Content/MobileStarterContent/Materials/M_Rock_Marble_Polished.uasset (74066) -> ../../../../../../Unreal Projects/GameJam/Content/MobileStarterContent/Materials/M_Rock_Marble_Polished.uasset
[2015.05.22-21.48.37:038][  0]LogPackFactory: Content/MobileStarterContent/Materials/M_Rock_Sandstone.uasset (83616) -> ../../../../../../Unreal Projects/GameJam/Content/MobileStarterContent/Materials/M_Rock_Sandstone.uasset
[2015.05.22-21.48.37:040][  0]LogPackFactory: Content/MobileStarterContent/Materials/M_Rock_Slate.uasset (83191) -> ../../../../../../Unreal Projects/GameJam/Content/MobileStarterContent/Materials/M_Rock_Slate.uasset
[2015.05.22-21.48.37:042][  0]LogPackFactory: Content/MobileStarterContent/Materials/M_Tech_Checker_Dot.uasset (101020) -> ../../../../../../Unreal Projects/GameJam/Content/MobileStarterContent/Materials/M_Tech_Checker_Dot.uasset
[2015.05.22-21.48.37:045][  0]LogPackFactory: Content/MobileStarterContent/Materials/M_Tech_Hex_Tile.uasset (141744) -> ../../../../../../Unreal Projects/GameJam/Content/MobileStarterContent/Materials/M_Tech_Hex_Tile.uasset
[2015.05.22-21.48.37:047][  0]LogPackFactory: Content/MobileStarterContent/Materials/M_Tech_Hex_Tile_Pulse.uasset (110373) -> ../../../../../../Unreal Projects/GameJam/Content/MobileStarterContent/Materials/M_Tech_Hex_Tile_Pulse.uasset
[2015.05.22-21.48.37:049][  0]LogPackFactory: Content/MobileStarterContent/Materials/M_Tech_Panel.uasset (79936) -> ../../../../../../Unreal Projects/GameJam/Content/MobileStarterContent/Materials/M_Tech_Panel.uasset
[2015.05.22-21.48.37:051][  0]LogPackFactory: Content/MobileStarterContent/Materials/M_Water_Lake.uasset (107584) -> ../../../../../../Unreal Projects/GameJam/Content/MobileStarterContent/Materials/M_Water_Lake.uasset
[2015.05.22-21.48.37:053][  0]LogPackFactory: Content/MobileStarterContent/Materials/M_Water_Ocean.uasset (107328) -> ../../../../../../Unreal Projects/GameJam/Content/MobileStarterContent/Materials/M_Water_Ocean.uasset
[2015.05.22-21.48.37:055][  0]LogPackFactory: Content/MobileStarterContent/Materials/M_Wood_Floor_Walnut_Polished.uasset (94677) -> ../../../../../../Unreal Projects/GameJam/Content/MobileStarterContent/Materials/M_Wood_Floor_Walnut_Polished.uasset
[2015.05.22-21.48.37:057][  0]LogPackFactory: Content/MobileStarterContent/Materials/M_Wood_Floor_Walnut_Worn.uasset (88910) -> ../../../../../../Unreal Projects/GameJam/Content/MobileStarterContent/Materials/M_Wood_Floor_Walnut_Worn.uasset
[2015.05.22-21.48.37:059][  0]LogPackFactory: Content/MobileStarterContent/Materials/M_Wood_Oak.uasset (99897) -> ../../../../../../Unreal Projects/GameJam/Content/MobileStarterContent/Materials/M_Wood_Oak.uasset
[2015.05.22-21.48.37:062][  0]LogPackFactory: Content/MobileStarterContent/Materials/M_Wood_Pine.uasset (81453) -> ../../../../../../Unreal Projects/GameJam/Content/MobileStarterContent/Materials/M_Wood_Pine.uasset
[2015.05.22-21.48.37:064][  0]LogPackFactory: Content/MobileStarterContent/Materials/M_Wood_Walnut.uasset (92372) -> ../../../../../../Unreal Projects/GameJam/Content/MobileStarterContent/Materials/M_Wood_Walnut.uasset
[2015.05.22-21.48.37:066][  0]LogPackFactory: Content/MobileStarterContent/Particles/Materials/M_Burst.uasset (62246) -> ../../../../../../Unreal Projects/GameJam/Content/MobileStarterContent/Particles/Materials/M_Burst.uasset
[2015.05.22-21.48.37:068][  0]LogPackFactory: Content/MobileStarterContent/Particles/Materials/M_Dust_Particle.uasset (58015) -> ../../../../../../Unreal Projects/GameJam/Content/MobileStarterContent/Particles/Materials/M_Dust_Particle.uasset
[2015.05.22-21.48.37:070][  0]LogPackFactory: Content/MobileStarterContent/Particles/Materials/M_explosion_subUV.uasset (71128) -> ../../../../../../Unreal Projects/GameJam/Content/MobileStarterContent/Particles/Materials/M_explosion_subUV.uasset
[2015.05.22-21.48.37:072][  0]LogPackFactory: Content/MobileStarterContent/Particles/Materials/M_Fire_SubUV.uasset (74295) -> ../../../../../../Unreal Projects/GameJam/Content/MobileStarterContent/Particles/Materials/M_Fire_SubUV.uasset
[2015.05.22-21.48.37:075][  0]LogPackFactory: Content/MobileStarterContent/Particles/Materials/m_flare_01.uasset (61818) -> ../../../../../../Unreal Projects/GameJam/Content/MobileStarterContent/Particles/Materials/m_flare_01.uasset
[2015.05.22-21.48.37:077][  0]LogPackFactory: Content/MobileStarterContent/Particles/Materials/M_Radial_Gradient.uasset (58624) -> ../../../../../../Unreal Projects/GameJam/Content/MobileStarterContent/Particles/Materials/M_Radial_Gradient.uasset
[2015.05.22-21.48.37:080][  0]LogPackFactory: Content/MobileStarterContent/Particles/Materials/M_radial_ramp.uasset (58824) -> ../../../../../../Unreal Projects/GameJam/Content/MobileStarterContent/Particles/Materials/M_radial_ramp.uasset
[2015.05.22-21.48.37:082][  0]LogPackFactory: Content/MobileStarterContent/Particles/Materials/M_smoke_subUV.uasset (79963) -> ../../../../../../Unreal Projects/GameJam/Content/MobileStarterContent/Particles/Materials/M_smoke_subUV.uasset
[2015.05.22-21.48.37:084][  0]LogPackFactory: Content/MobileStarterContent/Particles/Materials/M_Spark.uasset (60695) -> ../../../../../../Unreal Projects/GameJam/Content/MobileStarterContent/Particles/Materials/M_Spark.uasset
[2015.05.22-21.48.37:086][  0]LogPackFactory: Content/MobileStarterContent/Particles/P_Ambient_Dust.uasset (38880) -> ../../../../../../Unreal Projects/GameJam/Content/MobileStarterContent/Particles/P_Ambient_Dust.uasset
[2015.05.22-21.48.37:088][  0]LogPackFactory: Content/MobileStarterContent/Particles/P_Explosion.uasset (277416) -> ../../../../../../Unreal Projects/GameJam/Content/MobileStarterContent/Particles/P_Explosion.uasset
[2015.05.22-21.48.37:091][  0]LogPackFactory: Content/MobileStarterContent/Particles/P_Fire.uasset (238519) -> ../../../../../../Unreal Projects/GameJam/Content/MobileStarterContent/Particles/P_Fire.uasset
[2015.05.22-21.48.37:093][  0]LogPackFactory: Content/MobileStarterContent/Particles/P_Smoke.uasset (65116) -> ../../../../../../Unreal Projects/GameJam/Content/MobileStarterContent/Particles/P_Smoke.uasset
[2015.05.22-21.48.37:095][  0]LogPackFactory: Content/MobileStarterContent/Particles/P_Sparks.uasset (168630) -> ../../../../../../Unreal Projects/GameJam/Content/MobileStarterContent/Particles/P_Sparks.uasset
[2015.05.22-21.48.37:098][  0]LogPackFactory: Content/MobileStarterContent/Props/Materials/M_Bush.uasset (120947) -> ../../../../../../Unreal Projects/GameJam/Content/MobileStarterContent/Props/Materials/M_Bush.uasset
[2015.05.22-21.48.37:102][  0]LogPackFactory: Content/MobileStarterContent/Props/Materials/M_Chair.uasset (94409) -> ../../../../../../Unreal Projects/GameJam/Content/MobileStarterContent/Props/Materials/M_Chair.uasset
[2015.05.22-21.48.37:104][  0]LogPackFactory: Content/MobileStarterContent/Props/Materials/M_Door.uasset (94099) -> ../../../../../../Unreal Projects/GameJam/Content/MobileStarterContent/Props/Materials/M_Door.uasset
[2015.05.22-21.48.37:106][  0]LogPackFactory: Content/MobileStarterContent/Props/Materials/M_Frame.uasset (82036) -> ../../../../../../Unreal Projects/GameJam/Content/MobileStarterContent/Props/Materials/M_Frame.uasset
[2015.05.22-21.48.37:108][  0]LogPackFactory: Content/MobileStarterContent/Props/Materials/M_Lamp.uasset (93505) -> ../../../../../../Unreal Projects/GameJam/Content/MobileStarterContent/Props/Materials/M_Lamp.uasset
[2015.05.22-21.48.37:110][  0]LogPackFactory: Content/MobileStarterContent/Props/Materials/M_MaterialSphere.uasset (75685) -> ../../../../../../Unreal Projects/GameJam/Content/MobileStarterContent/Props/Materials/M_MaterialSphere.uasset
[2015.05.22-21.48.37:114][  0]LogPackFactory: Content/MobileStarterContent/Props/Materials/M_MaterialSphere_Plain.uasset (65561) -> ../../../../../../Unreal Projects/GameJam/Content/MobileStarterContent/Props/Materials/M_MaterialSphere_Plain.uasset
[2015.05.22-21.48.37:116][  0]LogPackFactory: Content/MobileStarterContent/Props/Materials/M_Rock.uasset (96676) -> ../../../../../../Unreal Projects/GameJam/Content/MobileStarterContent/Props/Materials/M_Rock.uasset
[2015.05.22-21.48.37:118][  0]LogPackFactory: Content/MobileStarterContent/Props/Materials/M_Shelf.uasset (87346) -> ../../../../../../Unreal Projects/GameJam/Content/MobileStarterContent/Props/Materials/M_Shelf.uasset
[2015.05.22-21.48.37:121][  0]LogPackFactory: Content/MobileStarterContent/Props/Materials/M_Statue.uasset (76771) -> ../../../../../../Unreal Projects/GameJam/Content/MobileStarterContent/Props/Materials/M_Statue.uasset
[2015.05.22-21.48.37:123][  0]LogPackFactory: Content/MobileStarterContent/Props/Materials/M_StatueGlass.uasset (63560) -> ../../../../../../Unreal Projects/GameJam/Content/MobileStarterContent/Props/Materials/M_StatueGlass.uasset
[2015.05.22-21.48.37:125][  0]LogPackFactory: Content/MobileStarterContent/Props/Materials/M_TableRound.uasset (97672) -> ../../../../../../Unreal Projects/GameJam/Content/MobileStarterContent/Props/Materials/M_TableRound.uasset
[2015.05.22-21.48.37:127][  0]LogPackFactory: Content/MobileStarterContent/Props/MaterialSphere.uasset (185932) -> ../../../../../../Unreal Projects/GameJam/Content/MobileStarterContent/Props/MaterialSphere.uasset
[2015.05.22-21.48.37:129][  0]LogPackFactory: Content/MobileStarterContent/Props/SM_Bush.uasset (191455) -> ../../../../../../Unreal Projects/GameJam/Content/MobileStarterContent/Props/SM_Bush.uasset
[2015.05.22-21.48.37:131][  0]LogPackFactory: Content/MobileStarterContent/Props/SM_Chair.uasset (228921) -> ../../../../../../Unreal Projects/GameJam/Content/MobileStarterContent/Props/SM_Chair.uasset
[2015.05.22-21.48.37:134][  0]LogPackFactory: Content/MobileStarterContent/Props/SM_CornerFrame.uasset (105881) -> ../../../../../../Unreal Projects/GameJam/Content/MobileStarterContent/Props/SM_CornerFrame.uasset
[2015.05.22-21.48.37:136][  0]LogPackFactory: Content/MobileStarterContent/Props/SM_Couch.uasset (268421) -> ../../../../../../Unreal Projects/GameJam/Content/MobileStarterContent/Props/SM_Couch.uasset
[2015.05.22-21.48.37:139][  0]LogPackFactory: Content/MobileStarterContent/Props/SM_Door.uasset (228029) -> ../../../../../../Unreal Projects/GameJam/Content/MobileStarterContent/Props/SM_Door.uasset
[2015.05.22-21.48.37:141][  0]LogPackFactory: Content/MobileStarterContent/Props/SM_DoorFrame.uasset (77659) -> ../../../../../../Unreal Projects/GameJam/Content/MobileStarterContent/Props/SM_DoorFrame.uasset
[2015.05.22-21.48.37:144][  0]LogPackFactory: Content/MobileStarterContent/Props/SM_GlassWindow.uasset (110490) -> ../../../../../../Unreal Projects/GameJam/Content/MobileStarterContent/Props/SM_GlassWindow.uasset
[2015.05.22-21.48.37:146][  0]LogPackFactory: Content/MobileStarterContent/Props/SM_Lamp_Ceiling.uasset (333391) -> ../../../../../../Unreal Projects/GameJam/Content/MobileStarterContent/Props/SM_Lamp_Ceiling.uasset
[2015.05.22-21.48.37:148][  0]LogPackFactory: Content/MobileStarterContent/Props/SM_Lamp_Wall.uasset (162454) -> ../../../../../../Unreal Projects/GameJam/Content/MobileStarterContent/Props/SM_Lamp_Wall.uasset
[2015.05.22-21.48.37:150][  0]LogPackFactory: Content/MobileStarterContent/Props/SM_MatPreviewMesh_02.uasset (2401169) -> ../../../../../../Unreal Projects/GameJam/Content/MobileStarterContent/Props/SM_MatPreviewMesh_02.uasset
[2015.05.22-21.48.37:154][  0]LogPackFactory: Content/MobileStarterContent/Props/SM_PillarFrame.uasset (136757) -> ../../../../../../Unreal Projects/GameJam/Content/MobileStarterContent/Props/SM_PillarFrame.uasset
[2015.05.22-21.48.37:156][  0]LogPackFactory: Content/MobileStarterContent/Props/SM_PillarFrame300.uasset (134774) -> ../../../../../../Unreal Projects/GameJam/Content/MobileStarterContent/Props/SM_PillarFrame300.uasset
[2015.05.22-21.48.37:159][  0]LogPackFactory: Content/MobileStarterContent/Props/SM_Rock.uasset (186976) -> ../../../../../../Unreal Projects/GameJam/Content/MobileStarterContent/Props/SM_Rock.uasset
[2015.05.22-21.48.37:161][  0]LogPackFactory: Content/MobileStarterContent/Props/SM_Shelf.uasset (129175) -> ../../../../../../Unreal Projects/GameJam/Content/MobileStarterContent/Props/SM_Shelf.uasset
[2015.05.22-21.48.37:163][  0]LogPackFactory: Content/MobileStarterContent/Props/SM_Stairs.uasset (86353) -> ../../../../../../Unreal Projects/GameJam/Content/MobileStarterContent/Props/SM_Stairs.uasset
[2015.05.22-21.48.37:165][  0]LogPackFactory: Content/MobileStarterContent/Props/SM_Statue.uasset (551703) -> ../../../../../../Unreal Projects/GameJam/Content/MobileStarterContent/Props/SM_Statue.uasset
[2015.05.22-21.48.37:168][  0]LogPackFactory: Content/MobileStarterContent/Props/SM_TableRound.uasset (542067) -> ../../../../../../Unreal Projects/GameJam/Content/MobileStarterContent/Props/SM_TableRound.uasset
[2015.05.22-21.48.37:170][  0]LogPackFactory: Content/MobileStarterContent/Props/SM_WindowFrame.uasset (80607) -> ../../../../../../Unreal Projects/GameJam/Content/MobileStarterContent/Props/SM_WindowFrame.uasset
[2015.05.22-21.48.37:172][  0]LogPackFactory: Content/MobileStarterContent/Shapes/Shape_Cone.uasset (104471) -> ../../../../../../Unreal Projects/GameJam/Content/MobileStarterContent/Shapes/Shape_Cone.uasset
[2015.05.22-21.48.37:175][  0]LogPackFactory: Content/MobileStarterContent/Shapes/Shape_Cube.uasset (63431) -> ../../../../../../Unreal Projects/GameJam/Content/MobileStarterContent/Shapes/Shape_Cube.uasset
[2015.05.22-21.48.37:177][  0]LogPackFactory: Content/MobileStarterContent/Shapes/Shape_Cylinder.uasset (119855) -> ../../../../../../Unreal Projects/GameJam/Content/MobileStarterContent/Shapes/Shape_Cylinder.uasset
[2015.05.22-21.48.37:179][  0]LogPackFactory: Content/MobileStarterContent/Shapes/Shape_NarrowCapsule.uasset (224929) -> ../../../../../../Unreal Projects/GameJam/Content/MobileStarterContent/Shapes/Shape_NarrowCapsule.uasset
[2015.05.22-21.48.37:182][  0]LogPackFactory: Content/MobileStarterContent/Shapes/Shape_Pipe.uasset (94151) -> ../../../../../../Unreal Projects/GameJam/Content/MobileStarterContent/Shapes/Shape_Pipe.uasset
[2015.05.22-21.48.37:184][  0]LogPackFactory: Content/MobileStarterContent/Shapes/Shape_Pipe_180.uasset (202773) -> ../../../../../../Unreal Projects/GameJam/Content/MobileStarterContent/Shapes/Shape_Pipe_180.uasset
[2015.05.22-21.48.37:187][  0]LogPackFactory: Content/MobileStarterContent/Shapes/Shape_Pipe_90.uasset (133558) -> ../../../../../../Unreal Projects/GameJam/Content/MobileStarterContent/Shapes/Shape_Pipe_90.uasset
[2015.05.22-21.48.37:189][  0]LogPackFactory: Content/MobileStarterContent/Shapes/Shape_Plane.uasset (56047) -> ../../../../../../Unreal Projects/GameJam/Content/MobileStarterContent/Shapes/Shape_Plane.uasset
[2015.05.22-21.48.37:191][  0]LogPackFactory: Content/MobileStarterContent/Shapes/Shape_QuadPyramid.uasset (55241) -> ../../../../../../Unreal Projects/GameJam/Content/MobileStarterContent/Shapes/Shape_QuadPyramid.uasset
[2015.05.22-21.48.37:193][  0]LogPackFactory: Content/MobileStarterContent/Shapes/Shape_Sphere.uasset (274206) -> ../../../../../../Unreal Projects/GameJam/Content/MobileStarterContent/Shapes/Shape_Sphere.uasset
[2015.05.22-21.48.37:196][  0]LogPackFactory: Content/MobileStarterContent/Shapes/Shape_Torus.uasset (570809) -> ../../../../../../Unreal Projects/GameJam/Content/MobileStarterContent/Shapes/Shape_Torus.uasset
[2015.05.22-21.48.37:198][  0]LogPackFactory: Content/MobileStarterContent/Shapes/Shape_Trim.uasset (67314) -> ../../../../../../Unreal Projects/GameJam/Content/MobileStarterContent/Shapes/Shape_Trim.uasset
[2015.05.22-21.48.37:200][  0]LogPackFactory: Content/MobileStarterContent/Shapes/Shape_Trim_90_In.uasset (94187) -> ../../../../../../Unreal Projects/GameJam/Content/MobileStarterContent/Shapes/Shape_Trim_90_In.uasset
[2015.05.22-21.48.37:203][  0]LogPackFactory: Content/MobileStarterContent/Shapes/Shape_Trim_90_Out.uasset (95829) -> ../../../../../../Unreal Projects/GameJam/Content/MobileStarterContent/Shapes/Shape_Trim_90_Out.uasset
[2015.05.22-21.48.37:205][  0]LogPackFactory: Content/MobileStarterContent/Shapes/Shape_TriPyramid.uasset (56742) -> ../../../../../../Unreal Projects/GameJam/Content/MobileStarterContent/Shapes/Shape_TriPyramid.uasset
[2015.05.22-21.48.37:207][  0]LogPackFactory: Content/MobileStarterContent/Shapes/Shape_Tube.uasset (203842) -> ../../../../../../Unreal Projects/GameJam/Content/MobileStarterContent/Shapes/Shape_Tube.uasset
[2015.05.22-21.48.37:209][  0]LogPackFactory: Content/MobileStarterContent/Shapes/Shape_Wedge_A.uasset (58383) -> ../../../../../../Unreal Projects/GameJam/Content/MobileStarterContent/Shapes/Shape_Wedge_A.uasset
[2015.05.22-21.48.37:211][  0]LogPackFactory: Content/MobileStarterContent/Shapes/Shape_Wedge_B.uasset (54046) -> ../../../../../../Unreal Projects/GameJam/Content/MobileStarterContent/Shapes/Shape_Wedge_B.uasset
[2015.05.22-21.48.37:213][  0]LogPackFactory: Content/MobileStarterContent/Shapes/Shape_WideCapsule.uasset (159733) -> ../../../../../../Unreal Projects/GameJam/Content/MobileStarterContent/Shapes/Shape_WideCapsule.uasset
[2015.05.22-21.48.37:216][  0]LogPackFactory: Content/MobileStarterContent/Textures/T_Brick_Clay_Beveled_D.uasset (2014733) -> ../../../../../../Unreal Projects/GameJam/Content/MobileStarterContent/Textures/T_Brick_Clay_Beveled_D.uasset
[2015.05.22-21.48.37:219][  0]LogPackFactory: Content/MobileStarterContent/Textures/T_Brick_Clay_Beveled_M.uasset (2106171) -> ../../../../../../Unreal Projects/GameJam/Content/MobileStarterContent/Textures/T_Brick_Clay_Beveled_M.uasset
[2015.05.22-21.48.37:222][  0]LogPackFactory: Content/MobileStarterContent/Textures/T_Brick_Clay_Beveled_N.uasset (1822388) -> ../../../../../../Unreal Projects/GameJam/Content/MobileStarterContent/Textures/T_Brick_Clay_Beveled_N.uasset
[2015.05.22-21.48.37:226][  0]LogPackFactory: Content/MobileStarterContent/Textures/T_Brick_Clay_New_D.uasset (1595506) -> ../../../../../../Unreal Projects/GameJam/Content/MobileStarterContent/Textures/T_Brick_Clay_New_D.uasset
[2015.05.22-21.48.37:229][  0]LogPackFactory: Content/MobileStarterContent/Textures/T_Brick_Clay_New_M.uasset (2327522) -> ../../../../../../Unreal Projects/GameJam/Content/MobileStarterContent/Textures/T_Brick_Clay_New_M.uasset
[2015.05.22-21.48.37:233][  0]LogPackFactory: Content/MobileStarterContent/Textures/T_Brick_Clay_New_N.uasset (1933637) -> ../../../../../../Unreal Projects/GameJam/Content/MobileStarterContent/Textures/T_Brick_Clay_New_N.uasset
[2015.05.22-21.48.37:236][  0]LogPackFactory: Content/MobileStarterContent/Textures/T_Brick_Clay_Old_D.uasset (3054952) -> ../../../../../../Unreal Projects/GameJam/Content/MobileStarterContent/Textures/T_Brick_Clay_Old_D.uasset
[2015.05.22-21.48.37:240][  0]LogPackFactory: Content/MobileStarterContent/Textures/T_Brick_Clay_Old_N.uasset (2187230) -> ../../../../../../Unreal Projects/GameJam/Content/MobileStarterContent/Textures/T_Brick_Clay_Old_N.uasset
[2015.05.22-21.48.37:244][  0]LogPackFactory: Content/MobileStarterContent/Textures/T_Brick_Cut_Stone_D.uasset (3388564) -> ../../../../../../Unreal Projects/GameJam/Content/MobileStarterContent/Textures/T_Brick_Cut_Stone_D.uasset
[2015.05.22-21.48.37:248][  0]LogPackFactory: Content/MobileStarterContent/Textures/T_Brick_Cut_Stone_N.uasset (1859435) -> ../../../../../../Unreal Projects/GameJam/Content/MobileStarterContent/Textures/T_Brick_Cut_Stone_N.uasset
[2015.05.22-21.48.37:251][  0]LogPackFactory: Content/MobileStarterContent/Textures/T_Brick_Hewn_Stone_D.uasset (1981342) -> ../../../../../../Unreal Projects/GameJam/Content/MobileStarterContent/Textures/T_Brick_Hewn_Stone_D.uasset
[2015.05.22-21.48.37:255][  0]LogPackFactory: Content/MobileStarterContent/Textures/T_Brick_Hewn_Stone_M.uasset (1767525) -> ../../../../../../Unreal Projects/GameJam/Content/MobileStarterContent/Textures/T_Brick_Hewn_Stone_M.uasset
[2015.05.22-21.48.37:258][  0]LogPackFactory: Content/MobileStarterContent/Textures/T_Brick_Hewn_Stone_N.uasset (2261620) -> ../../../../../../Unreal Projects/GameJam/Content/MobileStarterContent/Textures/T_Brick_Hewn_Stone_N.uasset
[2015.05.22-21.48.37:262][  0]LogPackFactory: Content/MobileStarterContent/Textures/T_Burst_M.uasset (79632) -> ../../../../../../Unreal Projects/GameJam/Content/MobileStarterContent/Textures/T_Burst_M.uasset
[2015.05.22-21.48.37:264][  0]LogPackFactory: Content/MobileStarterContent/Textures/T_Bush_D.uasset (214500) -> ../../../../../../Unreal Projects/GameJam/Content/MobileStarterContent/Textures/T_Bush_D.uasset
[2015.05.22-21.48.37:266][  0]LogPackFactory: Content/MobileStarterContent/Textures/T_Bush_N.uasset (164145) -> ../../../../../../Unreal Projects/GameJam/Content/MobileStarterContent/Textures/T_Bush_N.uasset
[2015.05.22-21.48.37:269][  0]LogPackFactory: Content/MobileStarterContent/Textures/T_Ceramic_Tile_M.uasset (98811) -> ../../../../../../Unreal Projects/GameJam/Content/MobileStarterContent/Textures/T_Ceramic_Tile_M.uasset
[2015.05.22-21.48.37:271][  0]LogPackFactory: Content/MobileStarterContent/Textures/T_Ceramic_Tile_N.uasset (82800) -> ../../../../../../Unreal Projects/GameJam/Content/MobileStarterContent/Textures/T_Ceramic_Tile_N.uasset
[2015.05.22-21.48.37:273][  0]LogPackFactory: Content/MobileStarterContent/Textures/T_Chair_M.uasset (264176) -> ../../../../../../Unreal Projects/GameJam/Content/MobileStarterContent/Textures/T_Chair_M.uasset
[2015.05.22-21.48.37:276][  0]LogPackFactory: Content/MobileStarterContent/Textures/T_Chair_N.uasset (609624) -> ../../../../../../Unreal Projects/GameJam/Content/MobileStarterContent/Textures/T_Chair_N.uasset
[2015.05.22-21.48.37:279][  0]LogPackFactory: Content/MobileStarterContent/Textures/T_Checker_Noise_M.uasset (130126) -> ../../../../../../Unreal Projects/GameJam/Content/MobileStarterContent/Textures/T_Checker_Noise_M.uasset
[2015.05.22-21.48.37:282][  0]LogPackFactory: Content/MobileStarterContent/Textures/T_CobbleStone_Pebble_D.uasset (3003097) -> ../../../../../../Unreal Projects/GameJam/Content/MobileStarterContent/Textures/T_CobbleStone_Pebble_D.uasset
[2015.05.22-21.48.37:286][  0]LogPackFactory: Content/MobileStarterContent/Textures/T_CobbleStone_Pebble_M.uasset (400060) -> ../../../../../../Unreal Projects/GameJam/Content/MobileStarterContent/Textures/T_CobbleStone_Pebble_M.uasset
[2015.05.22-21.48.37:288][  0]LogPackFactory: Content/MobileStarterContent/Textures/T_CobbleStone_Pebble_N.uasset (2808663) -> ../../../../../../Unreal Projects/GameJam/Content/MobileStarterContent/Textures/T_CobbleStone_Pebble_N.uasset
[2015.05.22-21.48.37:292][  0]LogPackFactory: Content/MobileStarterContent/Textures/T_CobbleStone_Rough_D.uasset (788355) -> ../../../../../../Unreal Projects/GameJam/Content/MobileStarterContent/Textures/T_CobbleStone_Rough_D.uasset
[2015.05.22-21.48.37:295][  0]LogPackFactory: Content/MobileStarterContent/Textures/T_CobbleStone_Rough_N.uasset (751864) -> ../../../../../../Unreal Projects/GameJam/Content/MobileStarterContent/Textures/T_CobbleStone_Rough_N.uasset
[2015.05.22-21.48.37:298][  0]LogPackFactory: Content/MobileStarterContent/Textures/T_CobbleStone_Smooth_D.uasset (2060189) -> ../../../../../../Unreal Projects/GameJam/Content/MobileStarterContent/Textures/T_CobbleStone_Smooth_D.uasset
[2015.05.22-21.48.37:301][  0]LogPackFactory: Content/MobileStarterContent/Textures/T_CobbleStone_Smooth_M.uasset (1797918) -> ../../../../../../Unreal Projects/GameJam/Content/MobileStarterContent/Textures/T_CobbleStone_Smooth_M.uasset
[2015.05.22-21.48.37:305][  0]LogPackFactory: Content/MobileStarterContent/Textures/T_CobbleStone_Smooth_N.uasset (2288615) -> ../../../../../../Unreal Projects/GameJam/Content/MobileStarterContent/Textures/T_CobbleStone_Smooth_N.uasset
[2015.05.22-21.48.37:308][  0]LogPackFactory: Content/MobileStarterContent/Textures/T_Concrete_Grime_D.uasset (2959070) -> ../../../../../../Unreal Projects/GameJam/Content/MobileStarterContent/Textures/T_Concrete_Grime_D.uasset
[2015.05.22-21.48.37:313][  0]LogPackFactory: Content/MobileStarterContent/Textures/T_Concrete_Panels_D.uasset (2504766) -> ../../../../../../Unreal Projects/GameJam/Content/MobileStarterContent/Textures/T_Concrete_Panels_D.uasset
[2015.05.22-21.48.37:316][  0]LogPackFactory: Content/MobileStarterContent/Textures/T_Concrete_Panels_N.uasset (1617575) -> ../../../../../../Unreal Projects/GameJam/Content/MobileStarterContent/Textures/T_Concrete_Panels_N.uasset
[2015.05.22-21.48.37:319][  0]LogPackFactory: Content/MobileStarterContent/Textures/T_Concrete_Poured_D.uasset (2982686) -> ../../../../../../Unreal Projects/GameJam/Content/MobileStarterContent/Textures/T_Concrete_Poured_D.uasset
[2015.05.22-21.48.37:323][  0]LogPackFactory: Content/MobileStarterContent/Textures/T_Concrete_Poured_N.uasset (2065014) -> ../../../../../../Unreal Projects/GameJam/Content/MobileStarterContent/Textures/T_Concrete_Poured_N.uasset
[2015.05.22-21.48.37:326][  0]LogPackFactory: Content/MobileStarterContent/Textures/T_Concrete_Tiles_D.uasset (1378644) -> ../../../../../../Unreal Projects/GameJam/Content/MobileStarterContent/Textures/T_Concrete_Tiles_D.uasset
[2015.05.22-21.48.37:330][  0]LogPackFactory: Content/MobileStarterContent/Textures/T_Concrete_Tiles_M.uasset (1533975) -> ../../../../../../Unreal Projects/GameJam/Content/MobileStarterContent/Textures/T_Concrete_Tiles_M.uasset
[2015.05.22-21.48.37:332][  0]LogPackFactory: Content/MobileStarterContent/Textures/T_Concrete_Tiles_N.uasset (1459791) -> ../../../../../../Unreal Projects/GameJam/Content/MobileStarterContent/Textures/T_Concrete_Tiles_N.uasset
[2015.05.22-21.48.37:335][  0]LogPackFactory: Content/MobileStarterContent/Textures/T_Concrete_Tiles_Variation_M.uasset (5566) -> ../../../../../../Unreal Projects/GameJam/Content/MobileStarterContent/Textures/T_Concrete_Tiles_Variation_M.uasset
[2015.05.22-21.48.37:338][  0]LogPackFactory: Content/MobileStarterContent/Textures/T_Detail_Rocky_N.uasset (793381) -> ../../../../../../Unreal Projects/GameJam/Content/MobileStarterContent/Textures/T_Detail_Rocky_N.uasset
[2015.05.22-21.48.37:340][  0]LogPackFactory: Content/MobileStarterContent/Textures/T_Door_M.uasset (150500) -> ../../../../../../Unreal Projects/GameJam/Content/MobileStarterContent/Textures/T_Door_M.uasset
[2015.05.22-21.48.37:343][  0]LogPackFactory: Content/MobileStarterContent/Textures/T_Door_N.uasset (263889) -> ../../../../../../Unreal Projects/GameJam/Content/MobileStarterContent/Textures/T_Door_N.uasset
[2015.05.22-21.48.37:345][  0]LogPackFactory: Content/MobileStarterContent/Textures/T_Dust_Particle_D.uasset (12216) -> ../../../../../../Unreal Projects/GameJam/Content/MobileStarterContent/Textures/T_Dust_Particle_D.uasset
[2015.05.22-21.48.37:347][  0]LogPackFactory: Content/MobileStarterContent/Textures/T_Explosion_SubUV.uasset (926491) -> ../../../../../../Unreal Projects/GameJam/Content/MobileStarterContent/Textures/T_Explosion_SubUV.uasset
[2015.05.22-21.48.37:350][  0]LogPackFactory: Content/MobileStarterContent/Textures/T_Fire_SubUV.uasset (219210) -> ../../../../../../Unreal Projects/GameJam/Content/MobileStarterContent/Textures/T_Fire_SubUV.uasset
[2015.05.22-21.48.37:352][  0]LogPackFactory: Content/MobileStarterContent/Textures/T_Fire_Tiled_D.uasset (200522) -> ../../../../../../Unreal Projects/GameJam/Content/MobileStarterContent/Textures/T_Fire_Tiled_D.uasset
[2015.05.22-21.48.37:355][  0]LogPackFactory: Content/MobileStarterContent/Textures/T_Frame_M.uasset (155978) -> ../../../../../../Unreal Projects/GameJam/Content/MobileStarterContent/Textures/T_Frame_M.uasset
[2015.05.22-21.48.37:358][  0]LogPackFactory: Content/MobileStarterContent/Textures/T_Frame_N.uasset (297141) -> ../../../../../../Unreal Projects/GameJam/Content/MobileStarterContent/Textures/T_Frame_N.uasset
[2015.05.22-21.48.37:360][  0]LogPackFactory: Content/MobileStarterContent/Textures/T_Gradinet_01.uasset (3247) -> ../../../../../../Unreal Projects/GameJam/Content/MobileStarterContent/Textures/T_Gradinet_01.uasset
[2015.05.22-21.48.37:361][  0]LogPackFactory: Content/MobileStarterContent/Textures/T_Ground_Grass_D.uasset (3079798) -> ../../../../../../Unreal Projects/GameJam/Content/MobileStarterContent/Textures/T_Ground_Grass_D.uasset
[2015.05.22-21.48.37:365][  0]LogPackFactory: Content/MobileStarterContent/Textures/T_Ground_Grass_N.uasset (3029389) -> ../../../../../../Unreal Projects/GameJam/Content/MobileStarterContent/Textures/T_Ground_Grass_N.uasset
[2015.05.22-21.48.37:369][  0]LogPackFactory: Content/MobileStarterContent/Textures/T_Ground_Gravel_D.uasset (2868202) -> ../../../../../../Unreal Projects/GameJam/Content/MobileStarterContent/Textures/T_Ground_Gravel_D.uasset
[2015.05.22-21.48.37:373][  0]LogPackFactory: Content/MobileStarterContent/Textures/T_Ground_Gravel_N.uasset (2172713) -> ../../../../../../Unreal Projects/GameJam/Content/MobileStarterContent/Textures/T_Ground_Gravel_N.uasset
[2015.05.22-21.48.37:377][  0]LogPackFactory: Content/MobileStarterContent/Textures/T_ground_Moss_D.uasset (3420289) -> ../../../../../../Unreal Projects/GameJam/Content/MobileStarterContent/Textures/T_ground_Moss_D.uasset
[2015.05.22-21.48.37:381][  0]LogPackFactory: Content/MobileStarterContent/Textures/T_Ground_Moss_N.uasset (2510006) -> ../../../../../../Unreal Projects/GameJam/Content/MobileStarterContent/Textures/T_Ground_Moss_N.uasset
[2015.05.22-21.48.37:385][  0]LogPackFactory: Content/MobileStarterContent/Textures/T_Lamp_M.uasset (263319) -> ../../../../../../Unreal Projects/GameJam/Content/MobileStarterContent/Textures/T_Lamp_M.uasset
[2015.05.22-21.48.37:387][  0]LogPackFactory: Content/MobileStarterContent/Textures/T_Lamp_N.uasset (592145) -> ../../../../../../Unreal Projects/GameJam/Content/MobileStarterContent/Textures/T_Lamp_N.uasset
[2015.05.22-21.48.37:390][  0]LogPackFactory: Content/MobileStarterContent/Textures/T_MacroVariation.uasset (3026619) -> ../../../../../../Unreal Projects/GameJam/Content/MobileStarterContent/Textures/T_MacroVariation.uasset
[2015.05.22-21.48.37:394][  0]LogPackFactory: Content/MobileStarterContent/Textures/T_Metal_Aluminum_D.uasset (2348162) -> ../../../../../../Unreal Projects/GameJam/Content/MobileStarterContent/Textures/T_Metal_Aluminum_D.uasset
[2015.05.22-21.48.37:397][  0]LogPackFactory: Content/MobileStarterContent/Textures/T_Metal_Copper_D.uasset (2174415) -> ../../../../../../Unreal Projects/GameJam/Content/MobileStarterContent/Textures/T_Metal_Copper_D.uasset
[2015.05.22-21.48.37:401][  0]LogPackFactory: Content/MobileStarterContent/Textures/T_Metal_Gold_D.uasset (2203298) -> ../../../../../../Unreal Projects/GameJam/Content/MobileStarterContent/Textures/T_Metal_Gold_D.uasset
[2015.05.22-21.48.37:404][  0]LogPackFactory: Content/MobileStarterContent/Textures/T_Metal_Gold_N.uasset (801595) -> ../../../../../../Unreal Projects/GameJam/Content/MobileStarterContent/Textures/T_Metal_Gold_N.uasset
[2015.05.22-21.48.37:407][  0]LogPackFactory: Content/MobileStarterContent/Textures/T_Metal_Rust_D.uasset (2474651) -> ../../../../../../Unreal Projects/GameJam/Content/MobileStarterContent/Textures/T_Metal_Rust_D.uasset
[2015.05.22-21.48.37:411][  0]LogPackFactory: Content/MobileStarterContent/Textures/T_Metal_Rust_N.uasset (2304463) -> ../../../../../../Unreal Projects/GameJam/Content/MobileStarterContent/Textures/T_Metal_Rust_N.uasset
[2015.05.22-21.48.37:415][  0]LogPackFactory: Content/MobileStarterContent/Textures/T_Metal_Steel_D.uasset (1015961) -> ../../../../../../Unreal Projects/GameJam/Content/MobileStarterContent/Textures/T_Metal_Steel_D.uasset
[2015.05.22-21.48.37:417][  0]LogPackFactory: Content/MobileStarterContent/Textures/T_Metal_Steel_N.uasset (1596120) -> ../../../../../../Unreal Projects/GameJam/Content/MobileStarterContent/Textures/T_Metal_Steel_N.uasset
[2015.05.22-21.48.37:421][  0]LogPackFactory: Content/MobileStarterContent/Textures/T_Perlin_Noise_M.uasset (1845155) -> ../../../../../../Unreal Projects/GameJam/Content/MobileStarterContent/Textures/T_Perlin_Noise_M.uasset
[2015.05.22-21.48.37:424][  0]LogPackFactory: Content/MobileStarterContent/Textures/T_Rock_Basalt_D.uasset (2685465) -> ../../../../../../Unreal Projects/GameJam/Content/MobileStarterContent/Textures/T_Rock_Basalt_D.uasset
[2015.05.22-21.48.37:428][  0]LogPackFactory: Content/MobileStarterContent/Textures/T_Rock_Basalt_N.uasset (2238956) -> ../../../../../../Unreal Projects/GameJam/Content/MobileStarterContent/Textures/T_Rock_Basalt_N.uasset
[2015.05.22-21.48.37:431][  0]LogPackFactory: Content/MobileStarterContent/Textures/T_Rock_Marble_Polished_D.uasset (1475947) -> ../../../../../../Unreal Projects/GameJam/Content/MobileStarterContent/Textures/T_Rock_Marble_Polished_D.uasset
[2015.05.22-21.48.37:434][  0]LogPackFactory: Content/MobileStarterContent/Textures/T_Rock_Sandstone_D.uasset (2391050) -> ../../../../../../Unreal Projects/GameJam/Content/MobileStarterContent/Textures/T_Rock_Sandstone_D.uasset
[2015.05.22-21.48.37:438][  0]LogPackFactory: Content/MobileStarterContent/Textures/T_Rock_Sandstone_N.uasset (2312643) -> ../../../../../../Unreal Projects/GameJam/Content/MobileStarterContent/Textures/T_Rock_Sandstone_N.uasset
[2015.05.22-21.48.37:441][  0]LogPackFactory: Content/MobileStarterContent/Textures/T_Rock_Slate_D.uasset (3110209) -> ../../../../../../Unreal Projects/GameJam/Content/MobileStarterContent/Textures/T_Rock_Slate_D.uasset
[2015.05.22-21.48.37:445][  0]LogPackFactory: Content/MobileStarterContent/Textures/T_Rock_Slate_N.uasset (2499664) -> ../../../../../../Unreal Projects/GameJam/Content/MobileStarterContent/Textures/T_Rock_Slate_N.uasset
[2015.05.22-21.48.37:449][  0]LogPackFactory: Content/MobileStarterContent/Textures/T_Rock_Smooth_Granite_D.uasset (2531015) -> ../../../../../../Unreal Projects/GameJam/Content/MobileStarterContent/Textures/T_Rock_Smooth_Granite_D.uasset
[2015.05.22-21.48.37:453][  0]LogPackFactory: Content/MobileStarterContent/Textures/T_RockMesh_M.uasset (934103) -> ../../../../../../Unreal Projects/GameJam/Content/MobileStarterContent/Textures/T_RockMesh_M.uasset
[2015.05.22-21.48.37:455][  0]LogPackFactory: Content/MobileStarterContent/Textures/T_RockMesh_N.uasset (1567435) -> ../../../../../../Unreal Projects/GameJam/Content/MobileStarterContent/Textures/T_RockMesh_N.uasset
[2015.05.22-21.48.37:458][  0]LogPackFactory: Content/MobileStarterContent/Textures/T_Shelf_M.uasset (208593) -> ../../../../../../Unreal Projects/GameJam/Content/MobileStarterContent/Textures/T_Shelf_M.uasset
[2015.05.22-21.48.37:461][  0]LogPackFactory: Content/MobileStarterContent/Textures/T_Shelf_N.uasset (417283) -> ../../../../../../Unreal Projects/GameJam/Content/MobileStarterContent/Textures/T_Shelf_N.uasset
[2015.05.22-21.48.37:464][  0]LogPackFactory: Content/MobileStarterContent/Textures/T_Single_Tile_N.uasset (3713) -> ../../../../../../Unreal Projects/GameJam/Content/MobileStarterContent/Textures/T_Single_Tile_N.uasset
[2015.05.22-21.48.37:466][  0]LogPackFactory: Content/MobileStarterContent/Textures/T_Smoke_SubUV.uasset (879845) -> ../../../../../../Unreal Projects/GameJam/Content/MobileStarterContent/Textures/T_Smoke_SubUV.uasset
[2015.05.22-21.48.37:469][  0]LogPackFactory: Content/MobileStarterContent/Textures/T_Smoke_Tiled_D.uasset (33718) -> ../../../../../../Unreal Projects/GameJam/Content/MobileStarterContent/Textures/T_Smoke_Tiled_D.uasset
[2015.05.22-21.48.37:471][  0]LogPackFactory: Content/MobileStarterContent/Textures/T_Spark_Core.uasset (73817) -> ../../../../../../Unreal Projects/GameJam/Content/MobileStarterContent/Textures/T_Spark_Core.uasset
[2015.05.22-21.48.37:473][  0]LogPackFactory: Content/MobileStarterContent/Textures/T_Statue_M.uasset (165013) -> ../../../../../../Unreal Projects/GameJam/Content/MobileStarterContent/Textures/T_Statue_M.uasset
[2015.05.22-21.48.37:476][  0]LogPackFactory: Content/MobileStarterContent/Textures/T_Statue_N.uasset (151922) -> ../../../../../../Unreal Projects/GameJam/Content/MobileStarterContent/Textures/T_Statue_N.uasset
[2015.05.22-21.48.37:478][  0]LogPackFactory: Content/MobileStarterContent/Textures/T_TableRound_M.uasset (290640) -> ../../../../../../Unreal Projects/GameJam/Content/MobileStarterContent/Textures/T_TableRound_M.uasset
[2015.05.22-21.48.37:481][  0]LogPackFactory: Content/MobileStarterContent/Textures/T_TableRound_N.uasset (459647) -> ../../../../../../Unreal Projects/GameJam/Content/MobileStarterContent/Textures/T_TableRound_N.uasset
[2015.05.22-21.48.37:487][  0]LogPackFactory: Content/MobileStarterContent/Textures/T_Tech_Dot_M.uasset (57852) -> ../../../../../../Unreal Projects/GameJam/Content/MobileStarterContent/Textures/T_Tech_Dot_M.uasset
[2015.05.22-21.48.37:490][  0]LogPackFactory: Content/MobileStarterContent/Textures/T_Tech_Dot_N.uasset (84175) -> ../../../../../../Unreal Projects/GameJam/Content/MobileStarterContent/Textures/T_Tech_Dot_N.uasset
[2015.05.22-21.48.37:493][  0]LogPackFactory: Content/MobileStarterContent/Textures/T_Tech_Hex_Tile_M.uasset (262471) -> ../../../../../../Unreal Projects/GameJam/Content/MobileStarterContent/Textures/T_Tech_Hex_Tile_M.uasset
[2015.05.22-21.48.37:496][  0]LogPackFactory: Content/MobileStarterContent/Textures/T_Tech_Hex_Tile_N.uasset (207879) -> ../../../../../../Unreal Projects/GameJam/Content/MobileStarterContent/Textures/T_Tech_Hex_Tile_N.uasset
[2015.05.22-21.48.37:498][  0]LogPackFactory: Content/MobileStarterContent/Textures/T_Tech_Panel_M.uasset (422526) -> ../../../../../../Unreal Projects/GameJam/Content/MobileStarterContent/Textures/T_Tech_Panel_M.uasset
[2015.05.22-21.48.37:501][  0]LogPackFactory: Content/MobileStarterContent/Textures/T_Tech_Panel_N.uasset (316978) -> ../../../../../../Unreal Projects/GameJam/Content/MobileStarterContent/Textures/T_Tech_Panel_N.uasset
[2015.05.22-21.48.37:503][  0]LogPackFactory: Content/MobileStarterContent/Textures/T_Water_M.uasset (503483) -> ../../../../../../Unreal Projects/GameJam/Content/MobileStarterContent/Textures/T_Water_M.uasset
[2015.05.22-21.48.37:505][  0]LogPackFactory: Content/MobileStarterContent/Textures/T_Water_N.uasset (486098) -> ../../../../../../Unreal Projects/GameJam/Content/MobileStarterContent/Textures/T_Water_N.uasset
[2015.05.22-21.48.37:600][  0]LogPackFactory: Content/MobileStarterContent/Textures/T_Wood_Floor_Walnut_D.uasset (1430516) -> ../../../../../../Unreal Projects/GameJam/Content/MobileStarterContent/Textures/T_Wood_Floor_Walnut_D.uasset
[2015.05.22-21.48.37:603][  0]LogPackFactory: Content/MobileStarterContent/Textures/T_Wood_Floor_Walnut_M.uasset (1113704) -> ../../../../../../Unreal Projects/GameJam/Content/MobileStarterContent/Textures/T_Wood_Floor_Walnut_M.uasset
[2015.05.22-21.48.37:606][  0]LogPackFactory: Content/MobileStarterContent/Textures/T_Wood_Floor_Walnut_N.uasset (701605) -> ../../../../../../Unreal Projects/GameJam/Content/MobileStarterContent/Textures/T_Wood_Floor_Walnut_N.uasset
[2015.05.22-21.48.37:609][  0]LogPackFactory: Content/MobileStarterContent/Textures/T_Wood_Oak_D.uasset (1669886) -> ../../../../../../Unreal Projects/GameJam/Content/MobileStarterContent/Textures/T_Wood_Oak_D.uasset
[2015.05.22-21.48.37:612][  0]LogPackFactory: Content/MobileStarterContent/Textures/T_Wood_Oak_N.uasset (1335945) -> ../../../../../../Unreal Projects/GameJam/Content/MobileStarterContent/Textures/T_Wood_Oak_N.uasset
[2015.05.22-21.48.37:615][  0]LogPackFactory: Content/MobileStarterContent/Textures/T_Wood_Pine_D.uasset (2296892) -> ../../../../../../Unreal Projects/GameJam/Content/MobileStarterContent/Textures/T_Wood_Pine_D.uasset
[2015.05.22-21.48.37:618][  0]LogPackFactory: Content/MobileStarterContent/Textures/T_Wood_Pine_N.uasset (1054381) -> ../../../../../../Unreal Projects/GameJam/Content/MobileStarterContent/Textures/T_Wood_Pine_N.uasset
[2015.05.22-21.48.37:621][  0]LogPackFactory: Content/MobileStarterContent/Textures/T_Wood_Walnut_D.uasset (1570749) -> ../../../../../../Unreal Projects/GameJam/Content/MobileStarterContent/Textures/T_Wood_Walnut_D.uasset
[2015.05.22-21.48.37:624][  0]LogPackFactory: Content/MobileStarterContent/Textures/T_Wood_Walnut_N.uasset (1066061) -> ../../../../../../Unreal Projects/GameJam/Content/MobileStarterContent/Textures/T_Wood_Walnut_N.uasset
[2015.05.22-21.48.37:627][  0]LogPackFactory: Finished extracting 506 files (including 0 errors).
[2015.05.22-21.48.37:821][  0]LogRenderer:Warning: Reallocating scene render targets to support 256x256 (Frame:2).
[2015.05.22-21.48.38:218][  0]LogSavePackage: Save=327.035278ms
[2015.05.22-21.48.38:218][  0]LogSavePackage: Moving '../../../../../../Unreal Projects/GameJam/Saved/Floor_400x40084C85AE74AAFB315CA4FE8AC19800FB2.tmp' to '../../../../../../Unreal Projects/GameJam/Content/MobileStarterContent/Architecture/Floor_400x400.uasset'
[2015.05.22-21.48.38:220][  0]LogFeaturePack:Warning: Inserted 1 feature packs
[2015.05.22-21.48.38:221][  0]Cmd: MAP LOAD FILE="../../../../../../Unreal Projects/GameJam/Content/TwinStickBP/Maps/TwinStickExampleMap.umap" TEMPLATE=0 SHOWPROGRESS=1 FEATURELEVEL=3
[2015.05.22-21.48.38:222][  0]LightingResults: New page: Lighting Build
[2015.05.22-21.48.38:230][  0]MapCheck: New page: Map Check
[2015.05.22-21.48.38:230][  0]LightingResults: New page: Lighting Build
[2015.05.22-21.48.38:237][  0]LogParticles: Destroying 0 GPU particle simulations for FXSystem 0x000000D52765E520
[2015.05.22-21.48.39:035][  0]LogEditorServer: Finished looking for orphan Actors (0.000 secs)
[2015.05.22-21.48.39:825][  0]LogAIModule: Creating AISystem for world TwinStickExampleMap
[2015.05.22-21.48.39:826][  0]Cmd: MAP CHECKDEP
[2015.05.22-21.48.39:826][  0]MapCheck: New page: TwinStickExampleMap - May 22, 2015, 11:48:39 PM
[2015.05.22-21.48.39:892][  0]MapCheck: Info Map check complete: 0 Error(s), 0 Warning(s), took 65.555ms to complete.
[2015.05.22-21.48.39:892][  0]LogFileHelpers: Loading map 'TwinStickExampleMap' took 1.670
[2015.05.22-21.48.40:106][  0]LogCollectionManager: Loaded 0 collections in 0.001047 seconds
[2015.05.22-21.48.40:114][  0]LogContentBrowser: Native class hierarchy populated in 0.0081 seconds. Added 1696 classes and 261 folders.
[2015.05.22-21.48.40:137][  0]LogContentBrowser: Native class hierarchy updated for 'SceneOutliner' in 0.0013 seconds. Added 1 classes and 2 folders.
[2015.05.22-21.48.40:177][  0]LogCrashTracker: Crashtracker disabled due to settings.
[2015.05.22-21.48.40:177][  0]LogSlate:Warning: Failed to load font data from 'Veranda'
[2015.05.22-21.48.40:183][  0]LogUObjectGlobals:Warning: Failed to find object 'Class None.'
[2015.05.22-21.48.40:210][  0]LogLoad: Full Startup: 22.82 seconds (BP compile: 0.28 seconds)
[2015.05.22-21.48.40:245][  0]LogContentBrowser:Verbose: The content browser source was changed by the sources view to '/Game/TwinStickBP'
[2015.05.22-21.48.40:616][  0]LogRenderer:Warning: Reallocating scene render targets to support 1208x576 (Frame:3).
[2015.05.22-21.48.40:866][  4]LogAssetRegistry: Asset discovery search completed in 13.2364 seconds
[2015.05.22-21.48.53:522][295]LogPlayLevel: PIE:  No blueprints needed recompiling
[2015.05.22-21.48.53:523][295]PIE: New page: PIE session: TwinStickExampleMap (May 22, 2015, 11:48:53 PM)
[2015.05.22-21.48.53:528][295]LogPlayLevel: PIE: StaticDuplicateObject took: (0.004563s)
[2015.05.22-21.48.53:529][295]LogPlayLevel: PIE: World Init took: (0.000666s)
[2015.05.22-21.48.53:529][295]LogPlayLevel: PIE: Created PIE world by copying editor world from /Game/TwinStickBP/Maps/TwinStickExampleMap.TwinStickExampleMap to /Game/TwinStickBP/Maps/UEDPIE_0_TwinStickExampleMap.TwinStickExampleMap (0.005435s)
[2015.05.22-21.48.53:582][295]LogWorld: Game class is 'TwinStickGameMode_C'
[2015.05.22-21.48.53:584][295]LogAIModule: Creating AISystem for world TwinStickExampleMap
[2015.05.22-21.48.53:588][295]LogWorld: Bringing World /Game/TwinStickBP/Maps/UEDPIE_0_TwinStickExampleMap.TwinStickExampleMap up for play (max tick rate 60) at 2015.05.22-22.48.53
[2015.05.22-21.48.53:589][295]LogWorld: Bringing up level for play took: 0.004586
[2015.05.22-21.48.53:594][295]PIE: Info Play in editor start time for /Game/TwinStickBP/Maps/UEDPIE_0_TwinStickExampleMap -0.446
[2015.05.22-21.49.03:602][883]LogParticles: Destroying 0 GPU particle simulations for FXSystem 0x000000D5233D0EA0
[2015.05.22-21.49.14:043][470]Cmd: CLOSE_SLATE_MAINFRAME
[2015.05.22-21.49.14:584][471]Cmd: QUIT_EDITOR
[2015.05.22-21.49.14:885][471]LogExit: Preparing to exit.
[2015.05.22-21.49.15:900][471]LogExit: Editor shut down
[2015.05.22-21.49.15:901][471]LogExit: Transaction tracking system shut down
[2015.05.22-21.49.15:901][471]LogParticles: Destroying 0 GPU particle simulations for FXSystem 0x000000D518DAED40
[2015.05.22-21.49.15:901][471]LogParticles: Destroying 0 GPU particle simulations for FXSystem 0x000000D522C8AAC0
[2015.05.22-21.49.15:902][471]LogParticles: Destroying 0 GPU particle simulations for FXSystem 0x000000D561BDADE0
[2015.05.22-21.49.16:007][471]LogExit: Object subsystem successfully closed.
[2015.05.22-21.49.16:048][471]LogModuleManager: Shutting down and abandoning module CrashTracker (177)
[2015.05.22-21.49.16:048][471]LogModuleManager: Shutting down and abandoning module SuperSearch (176)
[2015.05.22-21.49.16:048][471]LogModuleManager: Shutting down and abandoning module SceneOutliner (175)
[2015.05.22-21.49.16:048][471]LogModuleManager: Shutting down and abandoning module EditorWidgets (174)
[2015.05.22-21.49.16:048][471]LogModuleManager: Shutting down and abandoning module CollectionManager (173)
[2015.05.22-21.49.16:048][471]LogModuleManager: Shutting down and abandoning module StatsViewer (172)
[2015.05.22-21.49.16:048][471]LogModuleManager: Shutting down and abandoning module FoliageEdit (171)
[2015.05.22-21.49.16:048][471]LogModuleManager: Shutting down and abandoning module LandscapeEditor (170)
[2015.05.22-21.49.16:048][471]LogModuleManager: Shutting down and abandoning module MeshPaint (169)
[2015.05.22-21.49.16:048][471]LogModuleManager: Shutting down and abandoning module ActorPickerMode (168)
[2015.05.22-21.49.16:048][471]LogModuleManager: Shutting down and abandoning module GeometryMode (167)
[2015.05.22-21.49.16:048][471]LogModuleManager: Shutting down and abandoning module TextureAlignMode (166)
[2015.05.22-21.49.16:048][471]LogModuleManager: Shutting down and abandoning module BspMode (165)
[2015.05.22-21.49.16:048][471]LogModuleManager: Shutting down and abandoning module PlacementMode (164)
[2015.05.22-21.49.16:048][471]LogModuleManager: Shutting down and abandoning module AutomationWorker (163)
[2015.05.22-21.49.16:048][471]LogModuleManager: Shutting down and abandoning module CharacterAI (162)
[2015.05.22-21.49.16:048][471]LogModuleManager: Shutting down and abandoning module SmartSnapping (161)
[2015.05.22-21.49.16:048][471]LogModuleManager: Shutting down and abandoning module ViewportSnapping (160)
[2015.05.22-21.49.16:048][471]LogModuleManager: Shutting down and abandoning module LogVisualizer (159)
[2015.05.22-21.49.16:048][471]LogModuleManager: Shutting down and abandoning module GameProjectGeneration (158)
[2015.05.22-21.49.16:048][471]LogModuleManager: Shutting down and abandoning module IntroTutorials (157)
[2015.05.22-21.49.16:048][471]LogModuleManager: Shutting down and abandoning module EditorLiveStreaming (156)
[2015.05.22-21.49.16:048][471]LogModuleManager: Shutting down and abandoning module HardwareTargeting (155)
[2015.05.22-21.49.16:048][471]LogModuleManager: Shutting down and abandoning module DeviceProfileEditor (154)
[2015.05.22-21.49.16:048][471]LogModuleManager: Shutting down and abandoning module UndoHistory (153)
[2015.05.22-21.49.16:048][471]LogModuleManager: Shutting down and abandoning module GameplayTagsEditor (152)
[2015.05.22-21.49.16:048][471]LogModuleManager: Shutting down and abandoning module UserFeedback (151)
[2015.05.22-21.49.16:048][471]LogModuleManager: Shutting down and abandoning module XmlParser (150)
[2015.05.22-21.49.16:048][471]LogModuleManager: Shutting down and abandoning module Blutility (149)
[2015.05.22-21.49.16:049][471]LogModuleManager: Shutting down and abandoning module IOSPlatformEditor (148)
[2015.05.22-21.49.16:049][471]LogModuleManager: Shutting down and abandoning module IOSRuntimeSettings (147)
[2015.05.22-21.49.16:049][471]LogModuleManager: Shutting down and abandoning module AndroidDeviceDetection (146)
[2015.05.22-21.49.16:554][471]LogModuleManager: Shutting down and abandoning module AndroidPlatformEditor (145)
[2015.05.22-21.49.16:554][471]LogModuleManager: Shutting down and abandoning module AndroidRuntimeSettings (144)
[2015.05.22-21.49.16:554][471]LogModuleManager: Shutting down and abandoning module ProjectTargetPlatformEditor (143)
[2015.05.22-21.49.16:554][471]LogModuleManager: Shutting down and abandoning module ProjectSettingsViewer (142)
[2015.05.22-21.49.16:554][471]LogModuleManager: Shutting down and abandoning module InputBindingEditor (141)
[2015.05.22-21.49.16:554][471]LogModuleManager: Shutting down and abandoning module EditorSettingsViewer (140)
[2015.05.22-21.49.16:554][471]LogModuleManager: Shutting down and abandoning module SettingsEditor (139)
[2015.05.22-21.49.16:554][471]LogModuleManager: Shutting down and abandoning module ProjectLauncher (138)
[2015.05.22-21.49.16:554][471]LogModuleManager: Shutting down and abandoning module SessionFrontend (137)
[2015.05.22-21.49.16:554][471]LogModuleManager: Shutting down and abandoning module ProfilerClient (136)
[2015.05.22-21.49.16:554][471]LogModuleManager: Shutting down and abandoning module TargetDeviceServices (135)
[2015.05.22-21.49.16:554][471]LogModuleManager: Shutting down and abandoning module DeviceManager (134)
[2015.05.22-21.49.16:554][471]LogModuleManager: Shutting down and abandoning module AutomationController (133)
[2015.05.22-21.49.16:554][471]LogModuleManager: Shutting down and abandoning module AutomationWindow (132)
[2015.05.22-21.49.16:554][471]LogModuleManager: Shutting down and abandoning module Layers (131)
[2015.05.22-21.49.16:554][471]LogModuleManager: Shutting down and abandoning module ComponentVisualizers (130)
[2015.05.22-21.49.16:554][471]LogModuleManager: Shutting down and abandoning module DetailCustomizations (129)
[2015.05.22-21.49.16:554][471]LogModuleManager: Shutting down and abandoning module PackagesDialog (128)
[2015.05.22-21.49.16:555][471]LogModuleManager: Shutting down and abandoning module AssetRegistry (127)
[2015.05.22-21.49.16:607][471]LogModuleManager: Shutting down and abandoning module Persona (126)
[2015.05.22-21.49.16:607][471]LogModuleManager: Shutting down and abandoning module SlateReflector (125)
[2015.05.22-21.49.16:607][471]LogModuleManager: Shutting down and abandoning module LevelEditor (124)
[2015.05.22-21.49.16:607][471]LogModuleManager: Shutting down and abandoning module Kismet (123)
[2015.05.22-21.49.16:607][471]LogModuleManager: Shutting down and abandoning module GraphEditor (122)
[2015.05.22-21.49.16:608][471]LogModuleManager: Shutting down and abandoning module ClassViewer (121)
[2015.05.22-21.49.16:608][471]LogModuleManager: Shutting down and abandoning module Toolbox (120)
[2015.05.22-21.49.16:608][471]LogModuleManager: Shutting down and abandoning module ModuleUI (119)
[2015.05.22-21.49.16:608][471]LogModuleManager: Shutting down and abandoning module MovieSceneTools (118)
[2015.05.22-21.49.16:608][471]LogModuleManager: Shutting down and abandoning module OutputLog (117)
[2015.05.22-21.49.16:608][471]LogModuleManager: Shutting down and abandoning module GammaUI (116)
[2015.05.22-21.49.16:608][471]LogModuleManager: Shutting down and abandoning module Documentation (115)
[2015.05.22-21.49.16:608][471]LogModuleManager: Shutting down and abandoning module GameLiveStreaming (114)
[2015.05.22-21.49.16:608][471]LogModuleManager: Shutting down and abandoning module StreamingPauseRendering (113)
[2015.05.22-21.49.16:608][471]LogModuleManager: Shutting down and abandoning module HTTP (112)
[2015.05.22-21.49.16:608][471]LogModuleManager: Shutting down and abandoning module AnalyticsET (111)
[2015.05.22-21.49.16:608][471]LogModuleManager: Shutting down and abandoning module Analytics (110)
[2015.05.22-21.49.16:608][471]LogModuleManager: Shutting down and abandoning module AITestSuite (109)
[2015.05.22-21.49.16:608][471]LogModuleManager: Shutting down and abandoning module GameplayDebugger (108)
[2015.05.22-21.49.16:608][471]LogModuleManager: Shutting down and abandoning module AIModule (107)
[2015.05.22-21.49.16:608][471]LogModuleManager: Shutting down and abandoning module ProfilerService (106)
[2015.05.22-21.49.16:676][471]LogModuleManager: Shutting down and abandoning module TaskGraph (105)
[2015.05.22-21.49.16:676][471]LogModuleManager: Shutting down and abandoning module SlateRemote (104)
[2015.05.22-21.49.16:676][471]LogModuleManager: Shutting down and abandoning module ScriptEditorPlugin (103)
[2015.05.22-21.49.16:676][471]LogModuleManager: Shutting down and abandoning module CustomMeshComponent (102)
[2015.05.22-21.49.16:676][471]LogModuleManager: Shutting down and abandoning module CableComponent (101)
[2015.05.22-21.49.16:676][471]LogModuleManager: Shutting down and abandoning module MessagingDebugger (100)
[2015.05.22-21.49.16:676][471]LogModuleManager: Shutting down and abandoning module MediaPlayerEditor (99)
[2015.05.22-21.49.16:676][471]LogModuleManager: Shutting down and abandoning module SpeedTreeImporter (98)
[2015.05.22-21.49.16:676][471]LogModuleManager: Shutting down and abandoning module PluginsEditor (97)
[2015.05.22-21.49.16:676][471]LogModuleManager: Shutting down and abandoning module MainFrame (96)
[2015.05.22-21.49.16:676][471]LogModuleManager: Shutting down and abandoning module EpicSurvey (95)
[2015.05.22-21.49.16:676][471]LogModuleManager: Shutting down and abandoning module DesktopPlatform (94)
[2015.05.22-21.49.16:676][471]LogModuleManager: Shutting down and abandoning module DirectoryWatcher (93)
[2015.05.22-21.49.16:676][471]LogModuleManager: Shutting down and abandoning module HotReload (92)
[2015.05.22-21.49.16:676][471]LogModuleManager: Shutting down and abandoning module VisualStudioSourceCodeAccess (91)
[2015.05.22-21.49.16:676][471]LogModuleManager: Shutting down and abandoning module UObjectPlugin (90)
[2015.05.22-21.49.16:676][471]LogModuleManager: Shutting down and abandoning module SubversionSourceControl (89)
[2015.05.22-21.49.16:676][471]LogModuleManager: Shutting down and abandoning module PerforceSourceControl (88)
[2015.05.22-21.49.16:676][471]LogModuleManager: Shutting down and abandoning module SourceControl (87)
[2015.05.22-21.49.16:676][471]LogModuleManager: Shutting down and abandoning module GitSourceControl (86)
[2015.05.22-21.49.16:677][471]LogModuleManager: Shutting down and abandoning module BlankPlugin (85)
[2015.05.22-21.49.16:677][471]LogModuleManager: Shutting down and abandoning module PaperTiledImporter (84)
[2015.05.22-21.49.16:677][471]LogModuleManager: Shutting down and abandoning module PaperJsonImporter (83)
[2015.05.22-21.49.16:677][471]LogModuleManager: Shutting down and abandoning module ContentBrowser (82)
[2015.05.22-21.49.16:677][471]LogModuleManager: Shutting down and abandoning module Paper2DEditor (81)
[2015.05.22-21.49.16:677][471]LogModuleManager: Shutting down and abandoning module ScriptPlugin (80)
[2015.05.22-21.49.16:677][471]LogModuleManager: Shutting down and abandoning module UdpMessaging (79)
[2015.05.22-21.49.16:778][471]LogModuleManager: Shutting down and abandoning module Paper2D (78)
[2015.05.22-21.49.16:778][471]LogModuleManager: Shutting down and abandoning module WindowsMoviePlayer (77)
[2015.05.22-21.49.16:780][471]LogModuleManager: Shutting down and abandoning module Media (76)
[2015.05.22-21.49.16:780][471]LogModuleManager: Shutting down and abandoning module WmfMedia (75)
[2015.05.22-21.49.16:780][471]LogModuleManager: Shutting down and abandoning module OnlineBlueprintSupport (74)
[2015.05.22-21.49.16:780][471]LogModuleManager: Shutting down and abandoning module PropertyEditor (73)
[2015.05.22-21.49.16:780][471]LogModuleManager: Shutting down and abandoning module BehaviorTreeEditor (72)
[2015.05.22-21.49.16:780][471]LogModuleManager: Shutting down and abandoning module FunctionalTesting (71)
[2015.05.22-21.49.16:780][471]LogModuleManager: Shutting down and abandoning module CollisionAnalyzer (70)
[2015.05.22-21.49.16:780][471]LogModuleManager: Shutting down and abandoning module WorkspaceMenuStructure (69)
[2015.05.22-21.49.16:780][471]LogModuleManager: Shutting down and abandoning module MessageLog (68)
[2015.05.22-21.49.16:780][471]LogModuleManager: Shutting down and abandoning module Sequencer (67)
[2015.05.22-21.49.16:780][471]LogModuleManager: Shutting down and abandoning module AssetTools (66)
[2015.05.22-21.49.16:780][471]LogModuleManager: Shutting down and abandoning module UMGEditor (65)
[2015.05.22-21.49.16:780][471]LogModuleManager: Shutting down and abandoning module UMG (64)
[2015.05.22-21.49.16:780][471]LogModuleManager: Shutting down and abandoning module Slate (63)
[2015.05.22-21.49.16:780][471]LogModuleManager: Shutting down and abandoning module EditorStyle (62)
[2015.05.22-21.49.16:783][471]LogModuleManager: Shutting down and abandoning module SessionServices (61)
[2015.05.22-21.49.16:783][471]LogModuleManager: Shutting down and abandoning module SourceCodeAccess (60)
[2015.05.22-21.49.16:783][471]LogModuleManager: Shutting down and abandoning module HeadMountedDisplay (59)
[2015.05.22-21.49.16:783][471]LogModuleManager: Shutting down and abandoning module XAudio2 (58)
[2015.05.22-21.49.16:783][471]LogModuleManager: Shutting down and abandoning module Networking (56)
[2015.05.22-21.49.16:783][471]LogModuleManager: Shutting down and abandoning module Core (55)
[2015.05.22-21.49.16:783][471]LogModuleManager: Shutting down and abandoning module KismetCompiler (54)
[2015.05.22-21.49.16:783][471]LogModuleManager: Shutting down and abandoning module PhysXFormats (53)
[2015.05.22-21.49.16:783][471]LogModuleManager: Shutting down and abandoning module MeshUtilities (52)
[2015.05.22-21.49.16:783][471]LogModuleManager: Shutting down and abandoning module DerivedDataCache (51)
[2015.05.22-21.49.17:259][471]LogDerivedDataCache: Shutdown
[2015.05.22-21.49.17:259][471]LogModuleManager: Shutting down and abandoning module ShaderFormatOpenGL (50)
[2015.05.22-21.49.17:259][471]LogModuleManager: Shutting down and abandoning module ShaderFormatD3D (49)
[2015.05.22-21.49.17:259][471]LogModuleManager: Shutting down and abandoning module MetalShaderFormat (48)
[2015.05.22-21.49.17:259][471]LogModuleManager: Shutting down and abandoning module TextureFormatUncompressed (47)
[2015.05.22-21.49.17:259][471]LogModuleManager: Shutting down and abandoning module TextureFormatPVR (46)
[2015.05.22-21.49.17:259][471]LogModuleManager: Shutting down and abandoning module TextureFormatIntelISPCTexComp (45)
[2015.05.22-21.49.17:259][471]LogModuleManager: Shutting down and abandoning module TextureFormatDXT (44)
[2015.05.22-21.49.17:259][471]LogModuleManager: Shutting down and abandoning module ImageWrapper (43)
[2015.05.22-21.49.17:259][471]LogModuleManager: Shutting down and abandoning module TextureFormatASTC (42)
[2015.05.22-21.49.17:259][471]LogModuleManager: Shutting down and abandoning module TextureFormatAndroid (41)
[2015.05.22-21.49.17:259][471]LogModuleManager: Shutting down and abandoning module AudioFormatOpus (40)
[2015.05.22-21.49.17:259][471]LogModuleManager: Shutting down and abandoning module AudioFormatOgg (39)
[2015.05.22-21.49.17:259][471]LogModuleManager: Shutting down and abandoning module AudioFormatADPCM (38)
[2015.05.22-21.49.17:259][471]LogModuleManager: Shutting down and abandoning module LinuxTargetPlatform (37)
[2015.05.22-21.49.17:259][471]LogModuleManager: Shutting down and abandoning module LinuxServerTargetPlatform (36)
[2015.05.22-21.49.17:259][471]LogModuleManager: Shutting down and abandoning module LinuxNoEditorTargetPlatform (35)
[2015.05.22-21.49.17:259][471]LogModuleManager: Shutting down and abandoning module Messaging (34)
[2015.05.22-21.49.17:259][471]LogModuleManager: Shutting down and abandoning module IOSTargetPlatform (33)
[2015.05.22-21.49.17:259][471]LogModuleManager: Shutting down and abandoning module HTML5TargetPlatform (32)
[2015.05.22-21.49.17:259][471]LogModuleManager: Shutting down and abandoning module Android_PVRTCTargetPlatform (31)
[2015.05.22-21.49.17:259][471]LogModuleManager: Shutting down and abandoning module Android_ETC2TargetPlatform (30)
[2015.05.22-21.49.17:259][471]LogModuleManager: Shutting down and abandoning module Android_ETC1TargetPlatform (29)
[2015.05.22-21.49.17:259][471]LogModuleManager: Shutting down and abandoning module Android_ES31TargetPlatform (28)
[2015.05.22-21.49.17:259][471]LogModuleManager: Shutting down and abandoning module Android_DXTTargetPlatform (27)
[2015.05.22-21.49.17:259][471]LogModuleManager: Shutting down and abandoning module Android_ATCTargetPlatform (26)
[2015.05.22-21.49.17:259][471]LogModuleManager: Shutting down and abandoning module AndroidTargetPlatform (25)
[2015.05.22-21.49.17:259][471]LogModuleManager: Shutting down and abandoning module WindowsTargetPlatform (24)
[2015.05.22-21.49.17:259][471]LogModuleManager: Shutting down and abandoning module WindowsServerTargetPlatform (23)
[2015.05.22-21.49.17:259][471]LogModuleManager: Shutting down and abandoning module WindowsNoEditorTargetPlatform (22)
[2015.05.22-21.49.17:259][471]LogModuleManager: Shutting down and abandoning module WindowsClientTargetPlatform (21)
[2015.05.22-21.49.17:259][471]LogModuleManager: Shutting down and abandoning module TargetPlatform (20)
[2015.05.22-21.49.17:259][471]LogModuleManager: Shutting down and abandoning module InputCore (19)
[2015.05.22-21.49.17:259][471]LogModuleManager: Shutting down and abandoning module Settings (18)
[2015.05.22-21.49.17:259][471]LogModuleManager: Shutting down and abandoning module OnlineSubsystem (16)
[2015.05.22-21.49.17:259][471]LogModuleManager: Shutting down and abandoning module OculusRift (15)
[2015.05.22-21.49.17:259][471]LogModuleManager: Shutting down and abandoning module ExampleDeviceProfileSelector (14)
[2015.05.22-21.49.17:259][471]LogModuleManager: Shutting down and abandoning module TextureCompressor (13)
[2015.05.22-21.49.17:259][471]LogModuleManager: Shutting down and abandoning module ShaderCore (12)
[2015.05.22-21.49.17:259][471]LogModuleManager: Shutting down and abandoning module Landscape (11)
[2015.05.22-21.49.17:259][471]LogModuleManager: Shutting down and abandoning module SlateRHIRenderer (10)
[2015.05.22-21.49.17:260][471]LogModuleManager: Shutting down and abandoning module OpenGLDrv (9)
[2015.05.22-21.49.17:260][471]LogModuleManager: Shutting down and abandoning module D3D11RHI (8)
[2015.05.22-21.49.17:260][471]LogModuleManager: Shutting down and abandoning module Renderer (7)
[2015.05.22-21.49.17:260][471]LogModuleManager: Shutting down and abandoning module Engine (6)
[2015.05.22-21.49.17:260][471]LogModuleManager: Shutting down and abandoning module CoreUObject (5)
[2015.05.22-21.49.17:260][471]LogModuleManager: Shutting down and abandoning module NetworkFile (4)
[2015.05.22-21.49.17:260][471]LogModuleManager: Shutting down and abandoning module StreamingFile (3)
[2015.05.22-21.49.17:260][471]LogModuleManager: Shutting down and abandoning module SandboxFile (2)
[2015.05.22-21.49.17:260][471]LogModuleManager: Shutting down and abandoning module PakFile (1)
[2015.05.22-21.49.17:261][471]LogExit: Exiting.
[2015.05.22-21.49.17:274][471]Log file closed, 05/22/15 22:49:17
